Watching for file changes with StatReloader
"GET / HTTP/1.1" 200 7175
"GET /dashboard/ HTTP/1.1" 302 0
"GET /login/ HTTP/1.1" 200 7023
"GET /upload-csv/ HTTP/1.1" 302 0
"GET /login/ HTTP/1.1" 200 7023
"GET /view-data/ HTTP/1.1" 302 0
"GET /login/ HTTP/1.1" 200 7023
"GET /charts/ HTTP/1.1" 302 0
"GET /login/ HTTP/1.1" 200 7023
"GET /update-data/ HTTP/1.1" 302 0
"GET /login/ HTTP/1.1" 200 7023
"GET /logout/ HTTP/1.1" 302 0
"GET / HTTP/1.1" 200 3498
"GET /login/ HTTP/1.1" 200 2992
"GET /register/ HTTP/1.1" 200 2994
"GET /login/ HTTP/1.1" 200 2992
"GET /register/ HTTP/1.1" 200 2994
"GET /login/ HTTP/1.1" 200 2992
"GET / HTTP/1.1" 200 2990
"GET /login/ HTTP/1.1" 200 2992
"GET /register/ HTTP/1.1" 200 2994
"GET /login/ HTTP/1.1" 200 2992
"GET /register/ HTTP/1.1" 200 2994
"GET /register/ HTTP/1.1" 200 2994
"GET /register/ HTTP/1.1" 200 2994
"GET /login/ HTTP/1.1" 200 4485
"GET /login/ HTTP/1.1" 200 4485
"GET /login/ HTTP/1.1" 200 4485
"GET /login/ HTTP/1.1" 200 4485
"GET /login/ HTTP/1.1" 200 4485
"GET /register/ HTTP/1.1" 200 2994
"GET /login/ HTTP/1.1" 200 4485
"GET / HTTP/1.1" 200 2990
"GET / HTTP/1.1" 200 2990
"GET / HTTP/1.1" 200 2990
"GET /login/ HTTP/1.1" 200 4485
"GET /login/ HTTP/1.1" 200 4485
"GET /login/ HTTP/1.1" 200 4485
"GET / HTTP/1.1" 200 2990
"GET /login/ HTTP/1.1" 200 4485
"GET /login/ HTTP/1.1" 200 4485
Watching for file changes with StatReloader
"GET / HTTP/1.1" 200 2990
"GET /register/ HTTP/1.1" 200 2994
"GET /login/ HTTP/1.1" 200 4485
Not Found: /.well-known/appspecific/com.chrome.devtools.json
"GET /.well-known/appspecific/com.chrome.devtools.json HTTP/1.1" 404 5334
"GET /login/ HTTP/1.1" 200 4485
Not Found: /.well-known/appspecific/com.chrome.devtools.json
"GET /.well-known/appspecific/com.chrome.devtools.json HTTP/1.1" 404 5334
Internal Server Error: /login/
Traceback (most recent call last):
  File "C:\Users\cakkari\Desktop\outilISIS\ISIS-VENV\Lib\site-packages\django\core\handlers\exception.py", line 55, in inner
    response = get_response(request)
  File "C:\Users\cakkari\Desktop\outilISIS\ISIS-VENV\Lib\site-packages\django\core\handlers\base.py", line 197, in _get_response
    response = wrapped_callback(request, *callback_args, **callback_kwargs)
  File "C:\Users\cakkari\Desktop\outilISIS\frontend\statistiques\views.py", line 100, in login_view
    return render(request, 'statistiques/login.html')
  File "C:\Users\cakkari\Desktop\outilISIS\ISIS-VENV\Lib\site-packages\django\shortcuts.py", line 25, in render
    content = loader.render_to_string(template_name, context, request, using=using)
  File "C:\Users\cakkari\Desktop\outilISIS\ISIS-VENV\Lib\site-packages\django\template\loader.py", line 62, in render_to_string
    return template.render(context, request)
           ~~~~~~~~~~~~~~~^^^^^^^^^^^^^^^^^^
  File "C:\Users\cakkari\Desktop\outilISIS\ISIS-VENV\Lib\site-packages\django\template\backends\django.py", line 107, in render
    return self.template.render(context)
           ~~~~~~~~~~~~~~~~~~~~^^^^^^^^^
  File "C:\Users\cakkari\Desktop\outilISIS\ISIS-VENV\Lib\site-packages\django\template\base.py", line 171, in render
    return self._render(context)
           ~~~~~~~~~~~~^^^^^^^^^
  File "C:\Users\cakkari\Desktop\outilISIS\ISIS-VENV\Lib\site-packages\django\template\base.py", line 163, in _render
    return self.nodelist.render(context)
           ~~~~~~~~~~~~~~~~~~~~^^^^^^^^^
  File "C:\Users\cakkari\Desktop\outilISIS\ISIS-VENV\Lib\site-packages\django\template\base.py", line 1016, in render
    return SafeString("".join([node.render_annotated(context) for node in self]))
                               ~~~~~~~~~~~~~~~~~~~~~^^^^^^^^^
  File "C:\Users\cakkari\Desktop\outilISIS\ISIS-VENV\Lib\site-packages\django\template\base.py", line 977, in render_annotated
    return self.render(context)
           ~~~~~~~~~~~^^^^^^^^^
  File "C:\Users\cakkari\Desktop\outilISIS\ISIS-VENV\Lib\site-packages\django\template\loader_tags.py", line 134, in render
    compiled_parent = self.get_parent(context)
  File "C:\Users\cakkari\Desktop\outilISIS\ISIS-VENV\Lib\site-packages\django\template\loader_tags.py", line 131, in get_parent
    return self.find_template(parent, context)
           ~~~~~~~~~~~~~~~~~~^^^^^^^^^^^^^^^^^
  File "C:\Users\cakkari\Desktop\outilISIS\ISIS-VENV\Lib\site-packages\django\template\loader_tags.py", line 109, in find_template
    template, origin = context.template.engine.find_template(
                       ~~~~~~~~~~~~~~~~~~~~~~~~~~~~~~~~~~~~~^
        template_name,
        ^^^^^^^^^^^^^^
        skip=history,
        ^^^^^^^^^^^^^
    )
    ^
  File "C:\Users\cakkari\Desktop\outilISIS\ISIS-VENV\Lib\site-packages\django\template\engine.py", line 159, in find_template
    template = loader.get_template(name, skip=skip)
  File "C:\Users\cakkari\Desktop\outilISIS\ISIS-VENV\Lib\site-packages\django\template\loaders\cached.py", line 57, in get_template
    template = super().get_template(template_name, skip)
  File "C:\Users\cakkari\Desktop\outilISIS\ISIS-VENV\Lib\site-packages\django\template\loaders\base.py", line 28, in get_template
    return Template(
        contents,
    ...<2 lines>...
        self.engine,
    )
  File "C:\Users\cakkari\Desktop\outilISIS\ISIS-VENV\Lib\site-packages\django\template\base.py", line 154, in __init__
    self.nodelist = self.compile_nodelist()
                    ~~~~~~~~~~~~~~~~~~~~~^^
  File "C:\Users\cakkari\Desktop\outilISIS\ISIS-VENV\Lib\site-packages\django\template\base.py", line 196, in compile_nodelist
    nodelist = parser.parse()
  File "C:\Users\cakkari\Desktop\outilISIS\ISIS-VENV\Lib\site-packages\django\template\base.py", line 518, in parse
    raise self.error(token, e)
  File "C:\Users\cakkari\Desktop\outilISIS\ISIS-VENV\Lib\site-packages\django\template\base.py", line 516, in parse
    compiled_result = compile_func(self, token)
  File "C:\Users\cakkari\Desktop\outilISIS\ISIS-VENV\Lib\site-packages\django\template\defaulttags.py", line 976, in do_if
    nodelist = parser.parse(("endif",))
  File "C:\Users\cakkari\Desktop\outilISIS\ISIS-VENV\Lib\site-packages\django\template\base.py", line 518, in parse
    raise self.error(token, e)
  File "C:\Users\cakkari\Desktop\outilISIS\ISIS-VENV\Lib\site-packages\django\template\base.py", line 516, in parse
    compiled_result = compile_func(self, token)
  File "C:\Users\cakkari\Desktop\outilISIS\ISIS-VENV\Lib\site-packages\django\template\loader_tags.py", line 228, in do_block
    raise TemplateSyntaxError(
        "'%s' tag with name '%s' appears more than once" % (bits[0], block_name)
    )
django.template.exceptions.TemplateSyntaxError: 'block' tag with name 'content' appears more than once
"GET /login/ HTTP/1.1" 500 198300
Not Found: /.well-known/appspecific/com.chrome.devtools.json
"GET /.well-known/appspecific/com.chrome.devtools.json HTTP/1.1" 404 5334
Internal Server Error: /login/
Traceback (most recent call last):
  File "C:\Users\cakkari\Desktop\outilISIS\ISIS-VENV\Lib\site-packages\django\core\handlers\exception.py", line 55, in inner
    response = get_response(request)
  File "C:\Users\cakkari\Desktop\outilISIS\ISIS-VENV\Lib\site-packages\django\core\handlers\base.py", line 197, in _get_response
    response = wrapped_callback(request, *callback_args, **callback_kwargs)
  File "C:\Users\cakkari\Desktop\outilISIS\frontend\statistiques\views.py", line 100, in login_view
    return render(request, 'statistiques/login.html')
  File "C:\Users\cakkari\Desktop\outilISIS\ISIS-VENV\Lib\site-packages\django\shortcuts.py", line 25, in render
    content = loader.render_to_string(template_name, context, request, using=using)
  File "C:\Users\cakkari\Desktop\outilISIS\ISIS-VENV\Lib\site-packages\django\template\loader.py", line 62, in render_to_string
    return template.render(context, request)
           ~~~~~~~~~~~~~~~^^^^^^^^^^^^^^^^^^
  File "C:\Users\cakkari\Desktop\outilISIS\ISIS-VENV\Lib\site-packages\django\template\backends\django.py", line 107, in render
    return self.template.render(context)
           ~~~~~~~~~~~~~~~~~~~~^^^^^^^^^
  File "C:\Users\cakkari\Desktop\outilISIS\ISIS-VENV\Lib\site-packages\django\template\base.py", line 171, in render
    return self._render(context)
           ~~~~~~~~~~~~^^^^^^^^^
  File "C:\Users\cakkari\Desktop\outilISIS\ISIS-VENV\Lib\site-packages\django\template\base.py", line 163, in _render
    return self.nodelist.render(context)
           ~~~~~~~~~~~~~~~~~~~~^^^^^^^^^
  File "C:\Users\cakkari\Desktop\outilISIS\ISIS-VENV\Lib\site-packages\django\template\base.py", line 1016, in render
    return SafeString("".join([node.render_annotated(context) for node in self]))
                               ~~~~~~~~~~~~~~~~~~~~~^^^^^^^^^
  File "C:\Users\cakkari\Desktop\outilISIS\ISIS-VENV\Lib\site-packages\django\template\base.py", line 977, in render_annotated
    return self.render(context)
           ~~~~~~~~~~~^^^^^^^^^
  File "C:\Users\cakkari\Desktop\outilISIS\ISIS-VENV\Lib\site-packages\django\template\loader_tags.py", line 134, in render
    compiled_parent = self.get_parent(context)
  File "C:\Users\cakkari\Desktop\outilISIS\ISIS-VENV\Lib\site-packages\django\template\loader_tags.py", line 131, in get_parent
    return self.find_template(parent, context)
           ~~~~~~~~~~~~~~~~~~^^^^^^^^^^^^^^^^^
  File "C:\Users\cakkari\Desktop\outilISIS\ISIS-VENV\Lib\site-packages\django\template\loader_tags.py", line 109, in find_template
    template, origin = context.template.engine.find_template(
                       ~~~~~~~~~~~~~~~~~~~~~~~~~~~~~~~~~~~~~^
        template_name,
        ^^^^^^^^^^^^^^
        skip=history,
        ^^^^^^^^^^^^^
    )
    ^
  File "C:\Users\cakkari\Desktop\outilISIS\ISIS-VENV\Lib\site-packages\django\template\engine.py", line 159, in find_template
    template = loader.get_template(name, skip=skip)
  File "C:\Users\cakkari\Desktop\outilISIS\ISIS-VENV\Lib\site-packages\django\template\loaders\cached.py", line 57, in get_template
    template = super().get_template(template_name, skip)
  File "C:\Users\cakkari\Desktop\outilISIS\ISIS-VENV\Lib\site-packages\django\template\loaders\base.py", line 28, in get_template
    return Template(
        contents,
    ...<2 lines>...
        self.engine,
    )
  File "C:\Users\cakkari\Desktop\outilISIS\ISIS-VENV\Lib\site-packages\django\template\base.py", line 154, in __init__
    self.nodelist = self.compile_nodelist()
                    ~~~~~~~~~~~~~~~~~~~~~^^
  File "C:\Users\cakkari\Desktop\outilISIS\ISIS-VENV\Lib\site-packages\django\template\base.py", line 196, in compile_nodelist
    nodelist = parser.parse()
  File "C:\Users\cakkari\Desktop\outilISIS\ISIS-VENV\Lib\site-packages\django\template\base.py", line 518, in parse
    raise self.error(token, e)
  File "C:\Users\cakkari\Desktop\outilISIS\ISIS-VENV\Lib\site-packages\django\template\base.py", line 516, in parse
    compiled_result = compile_func(self, token)
  File "C:\Users\cakkari\Desktop\outilISIS\ISIS-VENV\Lib\site-packages\django\template\defaulttags.py", line 976, in do_if
    nodelist = parser.parse(("endif",))
  File "C:\Users\cakkari\Desktop\outilISIS\ISIS-VENV\Lib\site-packages\django\template\base.py", line 518, in parse
    raise self.error(token, e)
  File "C:\Users\cakkari\Desktop\outilISIS\ISIS-VENV\Lib\site-packages\django\template\base.py", line 516, in parse
    compiled_result = compile_func(self, token)
  File "C:\Users\cakkari\Desktop\outilISIS\ISIS-VENV\Lib\site-packages\django\template\loader_tags.py", line 228, in do_block
    raise TemplateSyntaxError(
        "'%s' tag with name '%s' appears more than once" % (bits[0], block_name)
    )
django.template.exceptions.TemplateSyntaxError: 'block' tag with name 'content' appears more than once
"GET /login/ HTTP/1.1" 500 198300
Not Found: /.well-known/appspecific/com.chrome.devtools.json
"GET /.well-known/appspecific/com.chrome.devtools.json HTTP/1.1" 404 5334
Internal Server Error: /
Traceback (most recent call last):
  File "C:\Users\cakkari\Desktop\outilISIS\ISIS-VENV\Lib\site-packages\django\core\handlers\exception.py", line 55, in inner
    response = get_response(request)
  File "C:\Users\cakkari\Desktop\outilISIS\ISIS-VENV\Lib\site-packages\django\core\handlers\base.py", line 197, in _get_response
    response = wrapped_callback(request, *callback_args, **callback_kwargs)
  File "C:\Users\cakkari\Desktop\outilISIS\frontend\statistiques\views.py", line 20, in home
    return render(request, 'statistiques/home.html')
  File "C:\Users\cakkari\Desktop\outilISIS\ISIS-VENV\Lib\site-packages\django\shortcuts.py", line 25, in render
    content = loader.render_to_string(template_name, context, request, using=using)
  File "C:\Users\cakkari\Desktop\outilISIS\ISIS-VENV\Lib\site-packages\django\template\loader.py", line 62, in render_to_string
    return template.render(context, request)
           ~~~~~~~~~~~~~~~^^^^^^^^^^^^^^^^^^
  File "C:\Users\cakkari\Desktop\outilISIS\ISIS-VENV\Lib\site-packages\django\template\backends\django.py", line 107, in render
    return self.template.render(context)
           ~~~~~~~~~~~~~~~~~~~~^^^^^^^^^
  File "C:\Users\cakkari\Desktop\outilISIS\ISIS-VENV\Lib\site-packages\django\template\base.py", line 171, in render
    return self._render(context)
           ~~~~~~~~~~~~^^^^^^^^^
  File "C:\Users\cakkari\Desktop\outilISIS\ISIS-VENV\Lib\site-packages\django\template\base.py", line 163, in _render
    return self.nodelist.render(context)
           ~~~~~~~~~~~~~~~~~~~~^^^^^^^^^
  File "C:\Users\cakkari\Desktop\outilISIS\ISIS-VENV\Lib\site-packages\django\template\base.py", line 1016, in render
    return SafeString("".join([node.render_annotated(context) for node in self]))
                               ~~~~~~~~~~~~~~~~~~~~~^^^^^^^^^
  File "C:\Users\cakkari\Desktop\outilISIS\ISIS-VENV\Lib\site-packages\django\template\base.py", line 977, in render_annotated
    return self.render(context)
           ~~~~~~~~~~~^^^^^^^^^
  File "C:\Users\cakkari\Desktop\outilISIS\ISIS-VENV\Lib\site-packages\django\template\loader_tags.py", line 134, in render
    compiled_parent = self.get_parent(context)
  File "C:\Users\cakkari\Desktop\outilISIS\ISIS-VENV\Lib\site-packages\django\template\loader_tags.py", line 131, in get_parent
    return self.find_template(parent, context)
           ~~~~~~~~~~~~~~~~~~^^^^^^^^^^^^^^^^^
  File "C:\Users\cakkari\Desktop\outilISIS\ISIS-VENV\Lib\site-packages\django\template\loader_tags.py", line 109, in find_template
    template, origin = context.template.engine.find_template(
                       ~~~~~~~~~~~~~~~~~~~~~~~~~~~~~~~~~~~~~^
        template_name,
        ^^^^^^^^^^^^^^
        skip=history,
        ^^^^^^^^^^^^^
    )
    ^
  File "C:\Users\cakkari\Desktop\outilISIS\ISIS-VENV\Lib\site-packages\django\template\engine.py", line 159, in find_template
    template = loader.get_template(name, skip=skip)
  File "C:\Users\cakkari\Desktop\outilISIS\ISIS-VENV\Lib\site-packages\django\template\loaders\cached.py", line 57, in get_template
    template = super().get_template(template_name, skip)
  File "C:\Users\cakkari\Desktop\outilISIS\ISIS-VENV\Lib\site-packages\django\template\loaders\base.py", line 28, in get_template
    return Template(
        contents,
    ...<2 lines>...
        self.engine,
    )
  File "C:\Users\cakkari\Desktop\outilISIS\ISIS-VENV\Lib\site-packages\django\template\base.py", line 154, in __init__
    self.nodelist = self.compile_nodelist()
                    ~~~~~~~~~~~~~~~~~~~~~^^
  File "C:\Users\cakkari\Desktop\outilISIS\ISIS-VENV\Lib\site-packages\django\template\base.py", line 196, in compile_nodelist
    nodelist = parser.parse()
  File "C:\Users\cakkari\Desktop\outilISIS\ISIS-VENV\Lib\site-packages\django\template\base.py", line 518, in parse
    raise self.error(token, e)
  File "C:\Users\cakkari\Desktop\outilISIS\ISIS-VENV\Lib\site-packages\django\template\base.py", line 516, in parse
    compiled_result = compile_func(self, token)
  File "C:\Users\cakkari\Desktop\outilISIS\ISIS-VENV\Lib\site-packages\django\template\defaulttags.py", line 976, in do_if
    nodelist = parser.parse(("endif",))
  File "C:\Users\cakkari\Desktop\outilISIS\ISIS-VENV\Lib\site-packages\django\template\base.py", line 518, in parse
    raise self.error(token, e)
  File "C:\Users\cakkari\Desktop\outilISIS\ISIS-VENV\Lib\site-packages\django\template\base.py", line 516, in parse
    compiled_result = compile_func(self, token)
  File "C:\Users\cakkari\Desktop\outilISIS\ISIS-VENV\Lib\site-packages\django\template\loader_tags.py", line 228, in do_block
    raise TemplateSyntaxError(
        "'%s' tag with name '%s' appears more than once" % (bits[0], block_name)
    )
django.template.exceptions.TemplateSyntaxError: 'block' tag with name 'content' appears more than once
"GET / HTTP/1.1" 500 197612
Not Found: /.well-known/appspecific/com.chrome.devtools.json
"GET /.well-known/appspecific/com.chrome.devtools.json HTTP/1.1" 404 5334
"GET / HTTP/1.1" 200 7018
Not Found: /.well-known/appspecific/com.chrome.devtools.json
"GET /.well-known/appspecific/com.chrome.devtools.json HTTP/1.1" 404 5334
"GET /api/status/ HTTP/1.1" 200 49
"GET /login/ HTTP/1.1" 200 8513
"GET /register/ HTTP/1.1" 200 7022
"GET /api/status/ HTTP/1.1" 200 49
"GET /api/status/ HTTP/1.1" 200 49
"GET / HTTP/1.1" 200 7018
"GET /api/status/ HTTP/1.1" 200 49
"GET /login/ HTTP/1.1" 200 8513
"GET /api/status/ HTTP/1.1" 200 49
Not Found: /.well-known/appspecific/com.chrome.devtools.json
"GET /.well-known/appspecific/com.chrome.devtools.json HTTP/1.1" 404 5334
"GET /api/status/ HTTP/1.1" 200 49
"GET /api/status/ HTTP/1.1" 200 49
"GET /login/ HTTP/1.1" 200 8513
Not Found: /.well-known/appspecific/com.chrome.devtools.json
"GET /.well-known/appspecific/com.chrome.devtools.json HTTP/1.1" 404 5334
"GET /register/ HTTP/1.1" 200 7022
Not Found: /.well-known/appspecific/com.chrome.devtools.json
"GET /.well-known/appspecific/com.chrome.devtools.json HTTP/1.1" 404 5334
"GET /api/status/ HTTP/1.1" 200 49
"GET /login/ HTTP/1.1" 200 8513
Not Found: /.well-known/appspecific/com.chrome.devtools.json
"GET /.well-known/appspecific/com.chrome.devtools.json HTTP/1.1" 404 5334
"GET /api/status/ HTTP/1.1" 200 49
"GET /api/status/ HTTP/1.1" 200 49
"GET /api/status/ HTTP/1.1" 200 49
- Broken pipe from ('127.0.0.1', 54064)
"GET /api/status/ HTTP/1.1" 200 49
"GET /api/status/ HTTP/1.1" 200 49
"GET /api/status/ HTTP/1.1" 200 49
"GET /api/status/ HTTP/1.1" 200 49
"GET /api/status/ HTTP/1.1" 200 49
"GET /api/status/ HTTP/1.1" 200 49
C:\Users\cakkari\Desktop\outilISIS\frontend\statistiques\forms.py changed, reloading.
Watching for file changes with StatReloader
"GET /api/status/ HTTP/1.1" 200 49
"GET /login/ HTTP/1.1" 200 8513
Not Found: /.well-known/appspecific/com.chrome.devtools.json
"GET /.well-known/appspecific/com.chrome.devtools.json HTTP/1.1" 404 5334
"GET /api/status/ HTTP/1.1" 200 49
"GET /login/ HTTP/1.1" 200 8513
Not Found: /.well-known/appspecific/com.chrome.devtools.json
"GET /.well-known/appspecific/com.chrome.devtools.json HTTP/1.1" 404 5334
- Broken pipe from ('127.0.0.1', 54410)
"GET /api/status/ HTTP/1.1" 200 49
"GET /register/ HTTP/1.1" 200 8822
Not Found: /.well-known/appspecific/com.chrome.devtools.json
"GET /.well-known/appspecific/com.chrome.devtools.json HTTP/1.1" 404 5334
"GET /api/status/ HTTP/1.1" 200 49
"GET /api/status/ HTTP/1.1" 200 49
"GET / HTTP/1.1" 200 7002
Not Found: /.well-known/appspecific/com.chrome.devtools.json
"GET /.well-known/appspecific/com.chrome.devtools.json HTTP/1.1" 404 5334
"GET /api/status/ HTTP/1.1" 200 49
"GET /api/status/ HTTP/1.1" 200 49
"GET /login/ HTTP/1.1" 200 8513
Not Found: /.well-known/appspecific/com.chrome.devtools.json
"GET /.well-known/appspecific/com.chrome.devtools.json HTTP/1.1" 404 5334
"GET /api/status/ HTTP/1.1" 200 49
"GET /api/status/ HTTP/1.1" 200 49
"GET /login/ HTTP/1.1" 200 8513
"GET /api/status/ HTTP/1.1" 200 49
"GET /api/status/ HTTP/1.1" 200 49
"GET /api/status/ HTTP/1.1" 200 49
"GET /login/ HTTP/1.1" 200 8513
"GET /login/ HTTP/1.1" 200 8513
"GET /login/ HTTP/1.1" 200 8513
"GET /login/ HTTP/1.1" 200 8513
"GET /login/ HTTP/1.1" 200 8513
"GET /login/ HTTP/1.1" 200 8513
"GET /login/ HTTP/1.1" 200 8513
"GET /login/ HTTP/1.1" 200 8513
- Broken pipe from ('127.0.0.1', 54417)
- Broken pipe from ('127.0.0.1', 54427)
- Broken pipe from ('127.0.0.1', 54463)
- Broken pipe from ('127.0.0.1', 54465)
- Broken pipe from ('127.0.0.1', 54467)
- Broken pipe from ('127.0.0.1', 54469)
- Broken pipe from ('127.0.0.1', 54471)
- Broken pipe from ('127.0.0.1', 54473)
- Broken pipe from ('127.0.0.1', 54475)
- Broken pipe from ('127.0.0.1', 54477)
"GET /api/status/ HTTP/1.1" 200 49
"GET /api/status/ HTTP/1.1" 200 49
"GET /api/status/ HTTP/1.1" 200 49
"GET /api/status/ HTTP/1.1" 200 49
"GET /login/ HTTP/1.1" 200 8513
"GET /api/status/ HTTP/1.1" 200 49
"GET /api/status/ HTTP/1.1" 200 49
"GET /api/status/ HTTP/1.1" 200 49
"GET /login/ HTTP/1.1" 200 8513
"GET /login/ HTTP/1.1" 200 8513
"GET /login/ HTTP/1.1" 200 8513
"GET /login/ HTTP/1.1" 200 8513
"GET /login/ HTTP/1.1" 200 8513
"GET /login/ HTTP/1.1" 200 8513
"GET /login/ HTTP/1.1" 200 8513
- Broken pipe from ('127.0.0.1', 54479)
- Broken pipe from ('127.0.0.1', 54517)
- Broken pipe from ('127.0.0.1', 54531)
- Broken pipe from ('127.0.0.1', 54533)
- Broken pipe from ('127.0.0.1', 54535)
- Broken pipe from ('127.0.0.1', 54537)
"GET /api/status/ HTTP/1.1" 200 49
"GET /api/status/ HTTP/1.1" 200 49
"GET /api/status/ HTTP/1.1" 200 49
"GET /login/ HTTP/1.1" 200 8513
"GET /api/status/ HTTP/1.1" 200 49
"GET /login/ HTTP/1.1" 200 8513
- Broken pipe from ('127.0.0.1', 54539)
"GET /api/status/ HTTP/1.1" 200 49
"GET /api/status/ HTTP/1.1" 200 49
"GET /login/ HTTP/1.1" 200 8513
"GET /api/status/ HTTP/1.1" 200 49
"GET /register/ HTTP/1.1" 200 8822
"GET /api/status/ HTTP/1.1" 200 49
"GET /api/status/ HTTP/1.1" 200 49
- Broken pipe from ('127.0.0.1', 54578)
"GET /api/status/ HTTP/1.1" 200 49
"GET /api/status/ HTTP/1.1" 200 49
"GET /api/status/ HTTP/1.1" 200 49
"GET /api/status/ HTTP/1.1" 200 49
"GET /dashboard/ HTTP/1.1" 302 0
"GET /login/ HTTP/1.1" 200 9187
"GET /api/status/ HTTP/1.1" 200 49
"GET /api/status/ HTTP/1.1" 200 49
"GET /login/ HTTP/1.1" 200 8513
"GET /api/status/ HTTP/1.1" 200 49
"GET /api/status/ HTTP/1.1" 200 49
Not Found: /.well-known/appspecific/com.chrome.devtools.json
"GET /.well-known/appspecific/com.chrome.devtools.json HTTP/1.1" 404 5334
"GET /dashboard/ HTTP/1.1" 302 0
"GET /login/ HTTP/1.1" 200 9187
Not Found: /.well-known/appspecific/com.chrome.devtools.json
"GET /.well-known/appspecific/com.chrome.devtools.json HTTP/1.1" 404 5334
"GET /api/status/ HTTP/1.1" 200 49
"GET /api/status/ HTTP/1.1" 200 49
"GET /admin-users/ HTTP/1.1" 302 0
"GET /login/ HTTP/1.1" 200 9187
Not Found: /.well-known/appspecific/com.chrome.devtools.json
"GET /.well-known/appspecific/com.chrome.devtools.json HTTP/1.1" 404 5334
"GET /api/status/ HTTP/1.1" 200 49
"GET /api/status/ HTTP/1.1" 200 49
"GET / HTTP/1.1" 200 7002
Not Found: /.well-known/appspecific/com.chrome.devtools.json
"GET /.well-known/appspecific/com.chrome.devtools.json HTTP/1.1" 404 5334
"GET /api/status/ HTTP/1.1" 200 49
"GET /api/status/ HTTP/1.1" 200 49
C:\Users\cakkari\Desktop\outilISIS\frontend\statistiques\views.py changed, reloading.
Watching for file changes with StatReloader
C:\Users\cakkari\Desktop\outilISIS\frontend\statistiques\views.py changed, reloading.
Watching for file changes with StatReloader
C:\Users\cakkari\Desktop\outilISIS\frontend\statistiques\views.py changed, reloading.
Watching for file changes with StatReloader
C:\Users\cakkari\Desktop\outilISIS\frontend\statistiques\views.py changed, reloading.
Watching for file changes with StatReloader
C:\Users\cakkari\Desktop\outilISIS\frontend\statistiques\views.py changed, reloading.
Watching for file changes with StatReloader
C:\Users\cakkari\Desktop\outilISIS\frontend\statistiques\views.py changed, reloading.
Watching for file changes with StatReloader
"GET /api/status/ HTTP/1.1" 200 49
"GET / HTTP/1.1" 200 7002
Not Found: /.well-known/appspecific/com.chrome.devtools.json
"GET /.well-known/appspecific/com.chrome.devtools.json HTTP/1.1" 404 5334
"GET /register/ HTTP/1.1" 200 8822
Not Found: /.well-known/appspecific/com.chrome.devtools.json
"GET /.well-known/appspecific/com.chrome.devtools.json HTTP/1.1" 404 5334
"GET /api/status/ HTTP/1.1" 200 49
"GET /api/status/ HTTP/1.1" 200 49
"GET /api/status/ HTTP/1.1" 200 49
C:\Users\cakkari\Desktop\outilISIS\frontend\statistiques\views.py changed, reloading.
Watching for file changes with StatReloader
C:\Users\cakkari\Desktop\outilISIS\frontend\statistiques\views.py changed, reloading.
Watching for file changes with StatReloader
"GET /api/status/ HTTP/1.1" 200 49
"GET /register/ HTTP/1.1" 200 8822
Not Found: /.well-known/appspecific/com.chrome.devtools.json
"GET /.well-known/appspecific/com.chrome.devtools.json HTTP/1.1" 404 5334
Not Found: /favicon.ico
"GET /favicon.ico HTTP/1.1" 404 5223
"GET /api/status/ HTTP/1.1" 200 49
"GET /api/status/ HTTP/1.1" 200 49
"GET /register/ HTTP/1.1" 200 8822
Not Found: /.well-known/appspecific/com.chrome.devtools.json
"GET /.well-known/appspecific/com.chrome.devtools.json HTTP/1.1" 404 5334
Not Found: /favicon.ico
"GET /favicon.ico HTTP/1.1" 404 5223
"GET /register/ HTTP/1.1" 200 8822
Not Found: /.well-known/appspecific/com.chrome.devtools.json
"GET /.well-known/appspecific/com.chrome.devtools.json HTTP/1.1" 404 5334
Not Found: /favicon.ico
"GET /favicon.ico HTTP/1.1" 404 5223
"GET /register/ HTTP/1.1" 200 8822
Not Found: /.well-known/appspecific/com.chrome.devtools.json
"GET /.well-known/appspecific/com.chrome.devtools.json HTTP/1.1" 404 5334
Not Found: /favicon.ico
"GET /favicon.ico HTTP/1.1" 404 5223
"GET /register/ HTTP/1.1" 200 8822
Not Found: /.well-known/appspecific/com.chrome.devtools.json
"GET /.well-known/appspecific/com.chrome.devtools.json HTTP/1.1" 404 5334
Not Found: /favicon.ico
"GET /favicon.ico HTTP/1.1" 404 5223
"GET /register/ HTTP/1.1" 200 8822
Not Found: /.well-known/appspecific/com.chrome.devtools.json
"GET /.well-known/appspecific/com.chrome.devtools.json HTTP/1.1" 404 5334
Not Found: /favicon.ico
"GET /favicon.ico HTTP/1.1" 404 5223
"GET /register/ HTTP/1.1" 200 8822
Not Found: /.well-known/appspecific/com.chrome.devtools.json
"GET /.well-known/appspecific/com.chrome.devtools.json HTTP/1.1" 404 5334
Not Found: /favicon.ico
"GET /favicon.ico HTTP/1.1" 404 5223
"GET /register/ HTTP/1.1" 200 8822
Not Found: /.well-known/appspecific/com.chrome.devtools.json
"GET /.well-known/appspecific/com.chrome.devtools.json HTTP/1.1" 404 5334
- Broken pipe from ('127.0.0.1', 54783)
- Broken pipe from ('127.0.0.1', 54771)
"GET /register/ HTTP/1.1" 200 8822
Not Found: /.well-known/appspecific/com.chrome.devtools.json
"GET /.well-known/appspecific/com.chrome.devtools.json HTTP/1.1" 404 5334
Not Found: /favicon.ico
"GET /favicon.ico HTTP/1.1" 404 5223
- Broken pipe from ('127.0.0.1', 54794)
- Broken pipe from ('127.0.0.1', 54787)
- Broken pipe from ('127.0.0.1', 54799)
- Broken pipe from ('127.0.0.1', 54797)
- Broken pipe from ('127.0.0.1', 54803)
- Broken pipe from ('127.0.0.1', 54802)
- Broken pipe from ('127.0.0.1', 54806)
- Broken pipe from ('127.0.0.1', 54808)
- Broken pipe from ('127.0.0.1', 54811)
- Broken pipe from ('127.0.0.1', 54810)
"GET /api/status/ HTTP/1.1" 200 49
"GET /api/status/ HTTP/1.1" 200 49
"GET /api/status/ HTTP/1.1" 200 49
"GET /register/ HTTP/1.1" 200 8980
Not Found: /.well-known/appspecific/com.chrome.devtools.json
"GET /.well-known/appspecific/com.chrome.devtools.json HTTP/1.1" 404 5334
"GET /register/ HTTP/1.1" 200 8980
Not Found: /.well-known/appspecific/com.chrome.devtools.json
"GET /.well-known/appspecific/com.chrome.devtools.json HTTP/1.1" 404 5334
"GET /register/ HTTP/1.1" 200 8980
Not Found: /.well-known/appspecific/com.chrome.devtools.json
"GET /.well-known/appspecific/com.chrome.devtools.json HTTP/1.1" 404 5334
"GET /register/ HTTP/1.1" 200 8980
Not Found: /.well-known/appspecific/com.chrome.devtools.json
"GET /.well-known/appspecific/com.chrome.devtools.json HTTP/1.1" 404 5334
"GET /register/ HTTP/1.1" 200 8980
Not Found: /.well-known/appspecific/com.chrome.devtools.json
"GET /.well-known/appspecific/com.chrome.devtools.json HTTP/1.1" 404 5334
- Broken pipe from ('127.0.0.1', 54849)
- Broken pipe from ('127.0.0.1', 54868)
- Broken pipe from ('127.0.0.1', 54872)
- Broken pipe from ('127.0.0.1', 54873)
- Broken pipe from ('127.0.0.1', 54876)
- Broken pipe from ('127.0.0.1', 54877)
- Broken pipe from ('127.0.0.1', 54880)
- Broken pipe from ('127.0.0.1', 54882)
"GET /api/status/ HTTP/1.1" 200 49
"GET /api/status/ HTTP/1.1" 200 49
"GET /login/ HTTP/1.1" 200 8671
Not Found: /.well-known/appspecific/com.chrome.devtools.json
"GET /.well-known/appspecific/com.chrome.devtools.json HTTP/1.1" 404 5334
"GET /api/status/ HTTP/1.1" 200 49
"GET /api/status/ HTTP/1.1" 200 49
"GET /api/status/ HTTP/1.1" 200 49
"GET /api/status/ HTTP/1.1" 200 49
"GET /login/ HTTP/1.1" 200 8671
Not Found: /.well-known/appspecific/com.chrome.devtools.json
"GET /.well-known/appspecific/com.chrome.devtools.json HTTP/1.1" 404 5334
"GET /api/status/ HTTP/1.1" 200 49
"GET /api/status/ HTTP/1.1" 200 49
"GET /register/ HTTP/1.1" 200 8980
Not Found: /.well-known/appspecific/com.chrome.devtools.json
"GET /.well-known/appspecific/com.chrome.devtools.json HTTP/1.1" 404 5334
"GET /api/status/ HTTP/1.1" 200 49
"GET /api/status/ HTTP/1.1" 200 49
"GET /api/status/ HTTP/1.1" 200 49
"GET /api/status/ HTTP/1.1" 200 49
"GET /api/status/ HTTP/1.1" 200 49
"GET /api/status/ HTTP/1.1" 200 49
"GET /api/status/ HTTP/1.1" 200 49
"GET /register/ HTTP/1.1" 200 8980
Not Found: /.well-known/appspecific/com.chrome.devtools.json
"GET /.well-known/appspecific/com.chrome.devtools.json HTTP/1.1" 404 5334
"GET /api/status/ HTTP/1.1" 200 49
"GET /api/status/ HTTP/1.1" 200 49
"GET /api/status/ HTTP/1.1" 200 49
C:\Users\cakkari\Desktop\outilISIS\frontend\statistiques\views.py changed, reloading.
Watching for file changes with StatReloader
"GET /api/status/ HTTP/1.1" 200 49
"GET /api/status/ HTTP/1.1" 200 49
C:\Users\cakkari\Desktop\outilISIS\frontend\statistiques\views.py changed, reloading.
Watching for file changes with StatReloader
C:\Users\cakkari\Desktop\outilISIS\frontend\statistiques\views.py changed, reloading.
Watching for file changes with StatReloader
"GET /register/ HTTP/1.1" 200 8980
Not Found: /.well-known/appspecific/com.chrome.devtools.json
"GET /.well-known/appspecific/com.chrome.devtools.json HTTP/1.1" 404 5334
"GET /api/status/ HTTP/1.1" 200 49
"GET /api/status/ HTTP/1.1" 200 49
Watching for file changes with StatReloader
"GET / HTTP/1.1" 200 7160
"GET /register/ HTTP/1.1" 200 8980
"GET /api/status/ HTTP/1.1" 200 49
"GET /api/status/ HTTP/1.1" 200 49
"GET /api/status/ HTTP/1.1" 200 49
"GET /register/ HTTP/1.1" 200 23
Not Found: /favicon.ico
"GET /favicon.ico HTTP/1.1" 404 5223
"GET /register/ HTTP/1.1" 200 23
"GET /register/ HTTP/1.1" 200 23
"GET /register/ HTTP/1.1" 200 23
"GET /register/ HTTP/1.1" 200 23
"GET /register/ HTTP/1.1" 200 23
"GET /login/ HTTP/1.1" 200 8671
"GET /api/status/ HTTP/1.1" 200 49
"GET /api/status/ HTTP/1.1" 200 49
"GET /api/status/ HTTP/1.1" 200 49
"GET /api/status/ HTTP/1.1" 200 49
"GET /api/status/ HTTP/1.1" 200 49
Internal Server Error: /login/
Traceback (most recent call last):
  File "C:\Users\cakkari\Desktop\outilISIS\ISIS-VENV\Lib\site-packages\django\core\handlers\exception.py", line 55, in inner
    response = get_response(request)
  File "C:\Users\cakkari\Desktop\outilISIS\ISIS-VENV\Lib\site-packages\django\core\handlers\base.py", line 197, in _get_response
    response = wrapped_callback(request, *callback_args, **callback_kwargs)
  File "C:\Users\cakkari\Desktop\outilISIS\frontend\statistiques\views.py", line 100, in login_view
    return render(request, 'statistiques/login.html')
  File "C:\Users\cakkari\Desktop\outilISIS\ISIS-VENV\Lib\site-packages\django\shortcuts.py", line 25, in render
    content = loader.render_to_string(template_name, context, request, using=using)
  File "C:\Users\cakkari\Desktop\outilISIS\ISIS-VENV\Lib\site-packages\django\template\loader.py", line 62, in render_to_string
    return template.render(context, request)
           ~~~~~~~~~~~~~~~^^^^^^^^^^^^^^^^^^
  File "C:\Users\cakkari\Desktop\outilISIS\ISIS-VENV\Lib\site-packages\django\template\backends\django.py", line 107, in render
    return self.template.render(context)
           ~~~~~~~~~~~~~~~~~~~~^^^^^^^^^
  File "C:\Users\cakkari\Desktop\outilISIS\ISIS-VENV\Lib\site-packages\django\template\base.py", line 171, in render
    return self._render(context)
           ~~~~~~~~~~~~^^^^^^^^^
  File "C:\Users\cakkari\Desktop\outilISIS\ISIS-VENV\Lib\site-packages\django\template\base.py", line 163, in _render
    return self.nodelist.render(context)
           ~~~~~~~~~~~~~~~~~~~~^^^^^^^^^
  File "C:\Users\cakkari\Desktop\outilISIS\ISIS-VENV\Lib\site-packages\django\template\base.py", line 1016, in render
    return SafeString("".join([node.render_annotated(context) for node in self]))
                               ~~~~~~~~~~~~~~~~~~~~~^^^^^^^^^
  File "C:\Users\cakkari\Desktop\outilISIS\ISIS-VENV\Lib\site-packages\django\template\base.py", line 977, in render_annotated
    return self.render(context)
           ~~~~~~~~~~~^^^^^^^^^
  File "C:\Users\cakkari\Desktop\outilISIS\ISIS-VENV\Lib\site-packages\django\template\loader_tags.py", line 134, in render
    compiled_parent = self.get_parent(context)
  File "C:\Users\cakkari\Desktop\outilISIS\ISIS-VENV\Lib\site-packages\django\template\loader_tags.py", line 131, in get_parent
    return self.find_template(parent, context)
           ~~~~~~~~~~~~~~~~~~^^^^^^^^^^^^^^^^^
  File "C:\Users\cakkari\Desktop\outilISIS\ISIS-VENV\Lib\site-packages\django\template\loader_tags.py", line 109, in find_template
    template, origin = context.template.engine.find_template(
                       ~~~~~~~~~~~~~~~~~~~~~~~~~~~~~~~~~~~~~^
        template_name,
        ^^^^^^^^^^^^^^
        skip=history,
        ^^^^^^^^^^^^^
    )
    ^
  File "C:\Users\cakkari\Desktop\outilISIS\ISIS-VENV\Lib\site-packages\django\template\engine.py", line 159, in find_template
    template = loader.get_template(name, skip=skip)
  File "C:\Users\cakkari\Desktop\outilISIS\ISIS-VENV\Lib\site-packages\django\template\loaders\cached.py", line 57, in get_template
    template = super().get_template(template_name, skip)
  File "C:\Users\cakkari\Desktop\outilISIS\ISIS-VENV\Lib\site-packages\django\template\loaders\base.py", line 28, in get_template
    return Template(
        contents,
    ...<2 lines>...
        self.engine,
    )
  File "C:\Users\cakkari\Desktop\outilISIS\ISIS-VENV\Lib\site-packages\django\template\base.py", line 154, in __init__
    self.nodelist = self.compile_nodelist()
                    ~~~~~~~~~~~~~~~~~~~~~^^
  File "C:\Users\cakkari\Desktop\outilISIS\ISIS-VENV\Lib\site-packages\django\template\base.py", line 196, in compile_nodelist
    nodelist = parser.parse()
  File "C:\Users\cakkari\Desktop\outilISIS\ISIS-VENV\Lib\site-packages\django\template\base.py", line 518, in parse
    raise self.error(token, e)
  File "C:\Users\cakkari\Desktop\outilISIS\ISIS-VENV\Lib\site-packages\django\template\base.py", line 516, in parse
    compiled_result = compile_func(self, token)
  File "C:\Users\cakkari\Desktop\outilISIS\ISIS-VENV\Lib\site-packages\django\template\defaulttags.py", line 976, in do_if
    nodelist = parser.parse(("endif",))
  File "C:\Users\cakkari\Desktop\outilISIS\ISIS-VENV\Lib\site-packages\django\template\base.py", line 518, in parse
    raise self.error(token, e)
  File "C:\Users\cakkari\Desktop\outilISIS\ISIS-VENV\Lib\site-packages\django\template\base.py", line 516, in parse
    compiled_result = compile_func(self, token)
  File "C:\Users\cakkari\Desktop\outilISIS\ISIS-VENV\Lib\site-packages\django\template\loader_tags.py", line 228, in do_block
    raise TemplateSyntaxError(
        "'%s' tag with name '%s' appears more than once" % (bits[0], block_name)
    )
django.template.exceptions.TemplateSyntaxError: 'block' tag with name 'content' appears more than once
"GET /login/ HTTP/1.1" 500 197376
Internal Server Error: /login/
Traceback (most recent call last):
  File "C:\Users\cakkari\Desktop\outilISIS\ISIS-VENV\Lib\site-packages\django\core\handlers\exception.py", line 55, in inner
    response = get_response(request)
  File "C:\Users\cakkari\Desktop\outilISIS\ISIS-VENV\Lib\site-packages\django\core\handlers\base.py", line 197, in _get_response
    response = wrapped_callback(request, *callback_args, **callback_kwargs)
  File "C:\Users\cakkari\Desktop\outilISIS\frontend\statistiques\views.py", line 100, in login_view
    return render(request, 'statistiques/login.html')
  File "C:\Users\cakkari\Desktop\outilISIS\ISIS-VENV\Lib\site-packages\django\shortcuts.py", line 25, in render
    content = loader.render_to_string(template_name, context, request, using=using)
  File "C:\Users\cakkari\Desktop\outilISIS\ISIS-VENV\Lib\site-packages\django\template\loader.py", line 62, in render_to_string
    return template.render(context, request)
           ~~~~~~~~~~~~~~~^^^^^^^^^^^^^^^^^^
  File "C:\Users\cakkari\Desktop\outilISIS\ISIS-VENV\Lib\site-packages\django\template\backends\django.py", line 107, in render
    return self.template.render(context)
           ~~~~~~~~~~~~~~~~~~~~^^^^^^^^^
  File "C:\Users\cakkari\Desktop\outilISIS\ISIS-VENV\Lib\site-packages\django\template\base.py", line 171, in render
    return self._render(context)
           ~~~~~~~~~~~~^^^^^^^^^
  File "C:\Users\cakkari\Desktop\outilISIS\ISIS-VENV\Lib\site-packages\django\template\base.py", line 163, in _render
    return self.nodelist.render(context)
           ~~~~~~~~~~~~~~~~~~~~^^^^^^^^^
  File "C:\Users\cakkari\Desktop\outilISIS\ISIS-VENV\Lib\site-packages\django\template\base.py", line 1016, in render
    return SafeString("".join([node.render_annotated(context) for node in self]))
                               ~~~~~~~~~~~~~~~~~~~~~^^^^^^^^^
  File "C:\Users\cakkari\Desktop\outilISIS\ISIS-VENV\Lib\site-packages\django\template\base.py", line 977, in render_annotated
    return self.render(context)
           ~~~~~~~~~~~^^^^^^^^^
  File "C:\Users\cakkari\Desktop\outilISIS\ISIS-VENV\Lib\site-packages\django\template\loader_tags.py", line 134, in render
    compiled_parent = self.get_parent(context)
  File "C:\Users\cakkari\Desktop\outilISIS\ISIS-VENV\Lib\site-packages\django\template\loader_tags.py", line 131, in get_parent
    return self.find_template(parent, context)
           ~~~~~~~~~~~~~~~~~~^^^^^^^^^^^^^^^^^
  File "C:\Users\cakkari\Desktop\outilISIS\ISIS-VENV\Lib\site-packages\django\template\loader_tags.py", line 109, in find_template
    template, origin = context.template.engine.find_template(
                       ~~~~~~~~~~~~~~~~~~~~~~~~~~~~~~~~~~~~~^
        template_name,
        ^^^^^^^^^^^^^^
        skip=history,
        ^^^^^^^^^^^^^
    )
    ^
  File "C:\Users\cakkari\Desktop\outilISIS\ISIS-VENV\Lib\site-packages\django\template\engine.py", line 159, in find_template
    template = loader.get_template(name, skip=skip)
  File "C:\Users\cakkari\Desktop\outilISIS\ISIS-VENV\Lib\site-packages\django\template\loaders\cached.py", line 57, in get_template
    template = super().get_template(template_name, skip)
  File "C:\Users\cakkari\Desktop\outilISIS\ISIS-VENV\Lib\site-packages\django\template\loaders\base.py", line 28, in get_template
    return Template(
        contents,
    ...<2 lines>...
        self.engine,
    )
  File "C:\Users\cakkari\Desktop\outilISIS\ISIS-VENV\Lib\site-packages\django\template\base.py", line 154, in __init__
    self.nodelist = self.compile_nodelist()
                    ~~~~~~~~~~~~~~~~~~~~~^^
  File "C:\Users\cakkari\Desktop\outilISIS\ISIS-VENV\Lib\site-packages\django\template\base.py", line 196, in compile_nodelist
    nodelist = parser.parse()
  File "C:\Users\cakkari\Desktop\outilISIS\ISIS-VENV\Lib\site-packages\django\template\base.py", line 518, in parse
    raise self.error(token, e)
  File "C:\Users\cakkari\Desktop\outilISIS\ISIS-VENV\Lib\site-packages\django\template\base.py", line 516, in parse
    compiled_result = compile_func(self, token)
  File "C:\Users\cakkari\Desktop\outilISIS\ISIS-VENV\Lib\site-packages\django\template\defaulttags.py", line 976, in do_if
    nodelist = parser.parse(("endif",))
  File "C:\Users\cakkari\Desktop\outilISIS\ISIS-VENV\Lib\site-packages\django\template\base.py", line 518, in parse
    raise self.error(token, e)
  File "C:\Users\cakkari\Desktop\outilISIS\ISIS-VENV\Lib\site-packages\django\template\base.py", line 516, in parse
    compiled_result = compile_func(self, token)
  File "C:\Users\cakkari\Desktop\outilISIS\ISIS-VENV\Lib\site-packages\django\template\loader_tags.py", line 228, in do_block
    raise TemplateSyntaxError(
        "'%s' tag with name '%s' appears more than once" % (bits[0], block_name)
    )
django.template.exceptions.TemplateSyntaxError: 'block' tag with name 'content' appears more than once
"GET /login/ HTTP/1.1" 500 197376
"GET /login/ HTTP/1.1" 200 4484
"GET /login/ HTTP/1.1" 200 4484
"GET /register/ HTTP/1.1" 200 23
"GET /login/ HTTP/1.1" 200 4484
"GET / HTTP/1.1" 200 2973
"GET / HTTP/1.1" 200 2973
"GET / HTTP/1.1" 200 2973
"GET / HTTP/1.1" 200 2973
"GET / HTTP/1.1" 200 7160
"GET /api/status/ HTTP/1.1" 200 49
"GET /register/ HTTP/1.1" 200 23
"GET /login/ HTTP/1.1" 200 8671
"GET /api/status/ HTTP/1.1" 200 49
"GET /register/ HTTP/1.1" 200 23
"GET /api/status/ HTTP/1.1" 200 49
"GET /register/ HTTP/1.1" 200 7164
"GET /register/ HTTP/1.1" 200 7164
"GET /register/ HTTP/1.1" 200 7164
"GET /register/ HTTP/1.1" 200 7164
- Broken pipe from ('127.0.0.1', 55181)
- Broken pipe from ('127.0.0.1', 55182)
- Broken pipe from ('127.0.0.1', 55268)
"GET /api/status/ HTTP/1.1" 200 49
"GET /register/ HTTP/1.1" 200 4168
"GET /register/ HTTP/1.1" 200 4168
"POST /register/ HTTP/1.1" 200 4168
"GET /login/ HTTP/1.1" 200 8671
"GET /api/status/ HTTP/1.1" 200 49
- Broken pipe from ('127.0.0.1', 55270)
C:\Users\cakkari\Desktop\outilISIS\frontend\statistiques\views.py changed, reloading.
Watching for file changes with StatReloader
C:\Users\cakkari\Desktop\outilISIS\frontend\statistiques\views.py changed, reloading.
Watching for file changes with StatReloader
"POST /register/ HTTP/1.1" 302 0
"GET /login/ HTTP/1.1" 200 9349
"GET /api/status/ HTTP/1.1" 200 49
"GET /api/status/ HTTP/1.1" 200 49
"GET /register/ HTTP/1.1" 200 4168
"GET /register/ HTTP/1.1" 200 4168
"GET /register/ HTTP/1.1" 200 4168
"GET /register/ HTTP/1.1" 200 4168
"GET /register/ HTTP/1.1" 200 5535
"GET /register/ HTTP/1.1" 200 5535
"POST /register/ HTTP/1.1" 302 0
"GET /login/ HTTP/1.1" 200 6091
"GET /api/status/ HTTP/1.1" 200 49
"GET /login/ HTTP/1.1" 200 5702
"GET /api/status/ HTTP/1.1" 200 49
Erreur de connexion à l'API: Expecting value: line 1 column 1 (char 0)
"POST /login/ HTTP/1.1" 200 6076
"GET /api/status/ HTTP/1.1" 200 49
Not Found: /.well-known/appspecific/com.chrome.devtools.json
"GET /.well-known/appspecific/com.chrome.devtools.json HTTP/1.1" 404 5334
Erreur de connexion à l'API: Expecting value: line 1 column 1 (char 0)
"POST /login/ HTTP/1.1" 200 6076
Not Found: /.well-known/appspecific/com.chrome.devtools.json
"GET /.well-known/appspecific/com.chrome.devtools.json HTTP/1.1" 404 5334
"GET /api/status/ HTTP/1.1" 200 49
Erreur de connexion à l'API: HTTPConnectionPool(host='localhost', port=5000): Max retries exceeded with url: /api/login (Caused by NewConnectionError('<urllib3.connection.HTTPConnection object at 0x00000271C101B240>: Failed to establish a new connection: [WinError 10061] Aucune connexion n’a pu être établie car l’ordinateur cible l’a expressément refusée'))
"POST /login/ HTTP/1.1" 200 6076
Not Found: /.well-known/appspecific/com.chrome.devtools.json
"GET /.well-known/appspecific/com.chrome.devtools.json HTTP/1.1" 404 5334
"GET /api/status/ HTTP/1.1" 200 49
- Broken pipe from ('127.0.0.1', 55660)
"POST /login/ HTTP/1.1" 302 0
Internal Server Error: /dashboard/
Traceback (most recent call last):
  File "C:\Users\cakkari\Desktop\outilISIS\ISIS-VENV\Lib\site-packages\django\core\handlers\exception.py", line 55, in inner
    response = get_response(request)
  File "C:\Users\cakkari\Desktop\outilISIS\ISIS-VENV\Lib\site-packages\django\core\handlers\base.py", line 197, in _get_response
    response = wrapped_callback(request, *callback_args, **callback_kwargs)
  File "C:\Users\cakkari\Desktop\outilISIS\frontend\statistiques\views.py", line 163, in wrapper
    return view_func(request, *args, **kwargs)
  File "C:\Users\cakkari\Desktop\outilISIS\frontend\statistiques\views.py", line 184, in dashboard
    return render(request, 'statistiques/dashboard.html', {
        'statistics': statistics,
        'user_info': request.session.get('user_info', {})
    })
  File "C:\Users\cakkari\Desktop\outilISIS\ISIS-VENV\Lib\site-packages\django\shortcuts.py", line 25, in render
    content = loader.render_to_string(template_name, context, request, using=using)
  File "C:\Users\cakkari\Desktop\outilISIS\ISIS-VENV\Lib\site-packages\django\template\loader.py", line 61, in render_to_string
    template = get_template(template_name, using=using)
  File "C:\Users\cakkari\Desktop\outilISIS\ISIS-VENV\Lib\site-packages\django\template\loader.py", line 15, in get_template
    return engine.get_template(template_name)
           ~~~~~~~~~~~~~~~~~~~^^^^^^^^^^^^^^^
  File "C:\Users\cakkari\Desktop\outilISIS\ISIS-VENV\Lib\site-packages\django\template\backends\django.py", line 79, in get_template
    return Template(self.engine.get_template(template_name), self)
                    ~~~~~~~~~~~~~~~~~~~~~~~~^^^^^^^^^^^^^^^
  File "C:\Users\cakkari\Desktop\outilISIS\ISIS-VENV\Lib\site-packages\django\template\engine.py", line 177, in get_template
    template, origin = self.find_template(template_name)
                       ~~~~~~~~~~~~~~~~~~^^^^^^^^^^^^^^^
  File "C:\Users\cakkari\Desktop\outilISIS\ISIS-VENV\Lib\site-packages\django\template\engine.py", line 159, in find_template
    template = loader.get_template(name, skip=skip)
  File "C:\Users\cakkari\Desktop\outilISIS\ISIS-VENV\Lib\site-packages\django\template\loaders\cached.py", line 57, in get_template
    template = super().get_template(template_name, skip)
  File "C:\Users\cakkari\Desktop\outilISIS\ISIS-VENV\Lib\site-packages\django\template\loaders\base.py", line 28, in get_template
    return Template(
        contents,
    ...<2 lines>...
        self.engine,
    )
  File "C:\Users\cakkari\Desktop\outilISIS\ISIS-VENV\Lib\site-packages\django\template\base.py", line 154, in __init__
    self.nodelist = self.compile_nodelist()
                    ~~~~~~~~~~~~~~~~~~~~~^^
  File "C:\Users\cakkari\Desktop\outilISIS\ISIS-VENV\Lib\site-packages\django\template\base.py", line 196, in compile_nodelist
    nodelist = parser.parse()
  File "C:\Users\cakkari\Desktop\outilISIS\ISIS-VENV\Lib\site-packages\django\template\base.py", line 518, in parse
    raise self.error(token, e)
  File "C:\Users\cakkari\Desktop\outilISIS\ISIS-VENV\Lib\site-packages\django\template\base.py", line 516, in parse
    compiled_result = compile_func(self, token)
  File "C:\Users\cakkari\Desktop\outilISIS\ISIS-VENV\Lib\site-packages\django\template\loader_tags.py", line 299, in do_extends
    nodelist = parser.parse()
  File "C:\Users\cakkari\Desktop\outilISIS\ISIS-VENV\Lib\site-packages\django\template\base.py", line 518, in parse
    raise self.error(token, e)
  File "C:\Users\cakkari\Desktop\outilISIS\ISIS-VENV\Lib\site-packages\django\template\base.py", line 516, in parse
    compiled_result = compile_func(self, token)
  File "C:\Users\cakkari\Desktop\outilISIS\ISIS-VENV\Lib\site-packages\django\template\loader_tags.py", line 234, in do_block
    nodelist = parser.parse(("endblock",))
  File "C:\Users\cakkari\Desktop\outilISIS\ISIS-VENV\Lib\site-packages\django\template\base.py", line 518, in parse
    raise self.error(token, e)
  File "C:\Users\cakkari\Desktop\outilISIS\ISIS-VENV\Lib\site-packages\django\template\base.py", line 516, in parse
    compiled_result = compile_func(self, token)
  File "C:\Users\cakkari\Desktop\outilISIS\ISIS-VENV\Lib\site-packages\django\template\defaulttags.py", line 962, in do_if
    nodelist = parser.parse(("elif", "else", "endif"))
  File "C:\Users\cakkari\Desktop\outilISIS\ISIS-VENV\Lib\site-packages\django\template\base.py", line 489, in parse
    raise self.error(token, e)
  File "C:\Users\cakkari\Desktop\outilISIS\ISIS-VENV\Lib\site-packages\django\template\base.py", line 487, in parse
    filter_expression = self.compile_filter(token.contents)
  File "C:\Users\cakkari\Desktop\outilISIS\ISIS-VENV\Lib\site-packages\django\template\base.py", line 609, in compile_filter
    return FilterExpression(token, self)
  File "C:\Users\cakkari\Desktop\outilISIS\ISIS-VENV\Lib\site-packages\django\template\base.py", line 705, in __init__
    filter_func = parser.find_filter(filter_name)
  File "C:\Users\cakkari\Desktop\outilISIS\ISIS-VENV\Lib\site-packages\django\template\base.py", line 615, in find_filter
    raise TemplateSyntaxError("Invalid filter: '%s'" % filter_name)
django.template.exceptions.TemplateSyntaxError: Invalid filter: 'multiply'
"GET /dashboard/ HTTP/1.1" 500 249520
Not Found: /.well-known/appspecific/com.chrome.devtools.json
"GET /.well-known/appspecific/com.chrome.devtools.json HTTP/1.1" 404 5334
Internal Server Error: /dashboard/
Traceback (most recent call last):
  File "C:\Users\cakkari\Desktop\outilISIS\ISIS-VENV\Lib\site-packages\django\core\handlers\exception.py", line 55, in inner
    response = get_response(request)
  File "C:\Users\cakkari\Desktop\outilISIS\ISIS-VENV\Lib\site-packages\django\core\handlers\base.py", line 197, in _get_response
    response = wrapped_callback(request, *callback_args, **callback_kwargs)
  File "C:\Users\cakkari\Desktop\outilISIS\frontend\statistiques\views.py", line 163, in wrapper
    return view_func(request, *args, **kwargs)
  File "C:\Users\cakkari\Desktop\outilISIS\frontend\statistiques\views.py", line 184, in dashboard
    return render(request, 'statistiques/dashboard.html', {
        'statistics': statistics,
        'user_info': request.session.get('user_info', {})
    })
  File "C:\Users\cakkari\Desktop\outilISIS\ISIS-VENV\Lib\site-packages\django\shortcuts.py", line 25, in render
    content = loader.render_to_string(template_name, context, request, using=using)
  File "C:\Users\cakkari\Desktop\outilISIS\ISIS-VENV\Lib\site-packages\django\template\loader.py", line 61, in render_to_string
    template = get_template(template_name, using=using)
  File "C:\Users\cakkari\Desktop\outilISIS\ISIS-VENV\Lib\site-packages\django\template\loader.py", line 15, in get_template
    return engine.get_template(template_name)
           ~~~~~~~~~~~~~~~~~~~^^^^^^^^^^^^^^^
  File "C:\Users\cakkari\Desktop\outilISIS\ISIS-VENV\Lib\site-packages\django\template\backends\django.py", line 79, in get_template
    return Template(self.engine.get_template(template_name), self)
                    ~~~~~~~~~~~~~~~~~~~~~~~~^^^^^^^^^^^^^^^
  File "C:\Users\cakkari\Desktop\outilISIS\ISIS-VENV\Lib\site-packages\django\template\engine.py", line 177, in get_template
    template, origin = self.find_template(template_name)
                       ~~~~~~~~~~~~~~~~~~^^^^^^^^^^^^^^^
  File "C:\Users\cakkari\Desktop\outilISIS\ISIS-VENV\Lib\site-packages\django\template\engine.py", line 159, in find_template
    template = loader.get_template(name, skip=skip)
  File "C:\Users\cakkari\Desktop\outilISIS\ISIS-VENV\Lib\site-packages\django\template\loaders\cached.py", line 57, in get_template
    template = super().get_template(template_name, skip)
  File "C:\Users\cakkari\Desktop\outilISIS\ISIS-VENV\Lib\site-packages\django\template\loaders\base.py", line 28, in get_template
    return Template(
        contents,
    ...<2 lines>...
        self.engine,
    )
  File "C:\Users\cakkari\Desktop\outilISIS\ISIS-VENV\Lib\site-packages\django\template\base.py", line 154, in __init__
    self.nodelist = self.compile_nodelist()
                    ~~~~~~~~~~~~~~~~~~~~~^^
  File "C:\Users\cakkari\Desktop\outilISIS\ISIS-VENV\Lib\site-packages\django\template\base.py", line 196, in compile_nodelist
    nodelist = parser.parse()
  File "C:\Users\cakkari\Desktop\outilISIS\ISIS-VENV\Lib\site-packages\django\template\base.py", line 518, in parse
    raise self.error(token, e)
  File "C:\Users\cakkari\Desktop\outilISIS\ISIS-VENV\Lib\site-packages\django\template\base.py", line 516, in parse
    compiled_result = compile_func(self, token)
  File "C:\Users\cakkari\Desktop\outilISIS\ISIS-VENV\Lib\site-packages\django\template\loader_tags.py", line 299, in do_extends
    nodelist = parser.parse()
  File "C:\Users\cakkari\Desktop\outilISIS\ISIS-VENV\Lib\site-packages\django\template\base.py", line 518, in parse
    raise self.error(token, e)
  File "C:\Users\cakkari\Desktop\outilISIS\ISIS-VENV\Lib\site-packages\django\template\base.py", line 516, in parse
    compiled_result = compile_func(self, token)
  File "C:\Users\cakkari\Desktop\outilISIS\ISIS-VENV\Lib\site-packages\django\template\loader_tags.py", line 234, in do_block
    nodelist = parser.parse(("endblock",))
  File "C:\Users\cakkari\Desktop\outilISIS\ISIS-VENV\Lib\site-packages\django\template\base.py", line 518, in parse
    raise self.error(token, e)
  File "C:\Users\cakkari\Desktop\outilISIS\ISIS-VENV\Lib\site-packages\django\template\base.py", line 516, in parse
    compiled_result = compile_func(self, token)
  File "C:\Users\cakkari\Desktop\outilISIS\ISIS-VENV\Lib\site-packages\django\template\defaulttags.py", line 962, in do_if
    nodelist = parser.parse(("elif", "else", "endif"))
  File "C:\Users\cakkari\Desktop\outilISIS\ISIS-VENV\Lib\site-packages\django\template\base.py", line 489, in parse
    raise self.error(token, e)
  File "C:\Users\cakkari\Desktop\outilISIS\ISIS-VENV\Lib\site-packages\django\template\base.py", line 487, in parse
    filter_expression = self.compile_filter(token.contents)
  File "C:\Users\cakkari\Desktop\outilISIS\ISIS-VENV\Lib\site-packages\django\template\base.py", line 609, in compile_filter
    return FilterExpression(token, self)
  File "C:\Users\cakkari\Desktop\outilISIS\ISIS-VENV\Lib\site-packages\django\template\base.py", line 705, in __init__
    filter_func = parser.find_filter(filter_name)
  File "C:\Users\cakkari\Desktop\outilISIS\ISIS-VENV\Lib\site-packages\django\template\base.py", line 615, in find_filter
    raise TemplateSyntaxError("Invalid filter: '%s'" % filter_name)
django.template.exceptions.TemplateSyntaxError: Invalid filter: 'multiply'
"GET /dashboard/ HTTP/1.1" 500 249614
Not Found: /.well-known/appspecific/com.chrome.devtools.json
"GET /.well-known/appspecific/com.chrome.devtools.json HTTP/1.1" 404 5334
Internal Server Error: /dashboard/
Traceback (most recent call last):
  File "C:\Users\cakkari\Desktop\outilISIS\ISIS-VENV\Lib\site-packages\django\core\handlers\exception.py", line 55, in inner
    response = get_response(request)
  File "C:\Users\cakkari\Desktop\outilISIS\ISIS-VENV\Lib\site-packages\django\core\handlers\base.py", line 197, in _get_response
    response = wrapped_callback(request, *callback_args, **callback_kwargs)
  File "C:\Users\cakkari\Desktop\outilISIS\frontend\statistiques\views.py", line 163, in wrapper
    return view_func(request, *args, **kwargs)
  File "C:\Users\cakkari\Desktop\outilISIS\frontend\statistiques\views.py", line 184, in dashboard
    return render(request, 'statistiques/dashboard.html', {
        'statistics': statistics,
        'user_info': request.session.get('user_info', {})
    })
  File "C:\Users\cakkari\Desktop\outilISIS\ISIS-VENV\Lib\site-packages\django\shortcuts.py", line 25, in render
    content = loader.render_to_string(template_name, context, request, using=using)
  File "C:\Users\cakkari\Desktop\outilISIS\ISIS-VENV\Lib\site-packages\django\template\loader.py", line 61, in render_to_string
    template = get_template(template_name, using=using)
  File "C:\Users\cakkari\Desktop\outilISIS\ISIS-VENV\Lib\site-packages\django\template\loader.py", line 15, in get_template
    return engine.get_template(template_name)
           ~~~~~~~~~~~~~~~~~~~^^^^^^^^^^^^^^^
  File "C:\Users\cakkari\Desktop\outilISIS\ISIS-VENV\Lib\site-packages\django\template\backends\django.py", line 79, in get_template
    return Template(self.engine.get_template(template_name), self)
                    ~~~~~~~~~~~~~~~~~~~~~~~~^^^^^^^^^^^^^^^
  File "C:\Users\cakkari\Desktop\outilISIS\ISIS-VENV\Lib\site-packages\django\template\engine.py", line 177, in get_template
    template, origin = self.find_template(template_name)
                       ~~~~~~~~~~~~~~~~~~^^^^^^^^^^^^^^^
  File "C:\Users\cakkari\Desktop\outilISIS\ISIS-VENV\Lib\site-packages\django\template\engine.py", line 159, in find_template
    template = loader.get_template(name, skip=skip)
  File "C:\Users\cakkari\Desktop\outilISIS\ISIS-VENV\Lib\site-packages\django\template\loaders\cached.py", line 57, in get_template
    template = super().get_template(template_name, skip)
  File "C:\Users\cakkari\Desktop\outilISIS\ISIS-VENV\Lib\site-packages\django\template\loaders\base.py", line 28, in get_template
    return Template(
        contents,
    ...<2 lines>...
        self.engine,
    )
  File "C:\Users\cakkari\Desktop\outilISIS\ISIS-VENV\Lib\site-packages\django\template\base.py", line 154, in __init__
    self.nodelist = self.compile_nodelist()
                    ~~~~~~~~~~~~~~~~~~~~~^^
  File "C:\Users\cakkari\Desktop\outilISIS\ISIS-VENV\Lib\site-packages\django\template\base.py", line 196, in compile_nodelist
    nodelist = parser.parse()
  File "C:\Users\cakkari\Desktop\outilISIS\ISIS-VENV\Lib\site-packages\django\template\base.py", line 518, in parse
    raise self.error(token, e)
  File "C:\Users\cakkari\Desktop\outilISIS\ISIS-VENV\Lib\site-packages\django\template\base.py", line 516, in parse
    compiled_result = compile_func(self, token)
  File "C:\Users\cakkari\Desktop\outilISIS\ISIS-VENV\Lib\site-packages\django\template\loader_tags.py", line 299, in do_extends
    nodelist = parser.parse()
  File "C:\Users\cakkari\Desktop\outilISIS\ISIS-VENV\Lib\site-packages\django\template\base.py", line 518, in parse
    raise self.error(token, e)
  File "C:\Users\cakkari\Desktop\outilISIS\ISIS-VENV\Lib\site-packages\django\template\base.py", line 516, in parse
    compiled_result = compile_func(self, token)
  File "C:\Users\cakkari\Desktop\outilISIS\ISIS-VENV\Lib\site-packages\django\template\loader_tags.py", line 234, in do_block
    nodelist = parser.parse(("endblock",))
  File "C:\Users\cakkari\Desktop\outilISIS\ISIS-VENV\Lib\site-packages\django\template\base.py", line 518, in parse
    raise self.error(token, e)
  File "C:\Users\cakkari\Desktop\outilISIS\ISIS-VENV\Lib\site-packages\django\template\base.py", line 516, in parse
    compiled_result = compile_func(self, token)
  File "C:\Users\cakkari\Desktop\outilISIS\ISIS-VENV\Lib\site-packages\django\template\defaulttags.py", line 962, in do_if
    nodelist = parser.parse(("elif", "else", "endif"))
  File "C:\Users\cakkari\Desktop\outilISIS\ISIS-VENV\Lib\site-packages\django\template\base.py", line 489, in parse
    raise self.error(token, e)
  File "C:\Users\cakkari\Desktop\outilISIS\ISIS-VENV\Lib\site-packages\django\template\base.py", line 487, in parse
    filter_expression = self.compile_filter(token.contents)
  File "C:\Users\cakkari\Desktop\outilISIS\ISIS-VENV\Lib\site-packages\django\template\base.py", line 609, in compile_filter
    return FilterExpression(token, self)
  File "C:\Users\cakkari\Desktop\outilISIS\ISIS-VENV\Lib\site-packages\django\template\base.py", line 705, in __init__
    filter_func = parser.find_filter(filter_name)
  File "C:\Users\cakkari\Desktop\outilISIS\ISIS-VENV\Lib\site-packages\django\template\base.py", line 615, in find_filter
    raise TemplateSyntaxError("Invalid filter: '%s'" % filter_name)
django.template.exceptions.TemplateSyntaxError: Invalid filter: 'multiply'
"GET /dashboard/ HTTP/1.1" 500 249616
Not Found: /.well-known/appspecific/com.chrome.devtools.json
"GET /.well-known/appspecific/com.chrome.devtools.json HTTP/1.1" 404 5334
"GET / HTTP/1.1" 200 7694
Not Found: /.well-known/appspecific/com.chrome.devtools.json
"GET /.well-known/appspecific/com.chrome.devtools.json HTTP/1.1" 404 5334
"GET /login/ HTTP/1.1" 200 5702
Not Found: /.well-known/appspecific/com.chrome.devtools.json
"GET /.well-known/appspecific/com.chrome.devtools.json HTTP/1.1" 404 5334
"GET /register/ HTTP/1.1" 200 5535
Not Found: /.well-known/appspecific/com.chrome.devtools.json
"GET /.well-known/appspecific/com.chrome.devtools.json HTTP/1.1" 404 5334
"GET /login/ HTTP/1.1" 200 5702
Not Found: /.well-known/appspecific/com.chrome.devtools.json
"GET /.well-known/appspecific/com.chrome.devtools.json HTTP/1.1" 404 5334
"GET /api/status/ HTTP/1.1" 200 49
"GET / HTTP/1.1" 200 6290
Not Found: /.well-known/appspecific/com.chrome.devtools.json
"GET /.well-known/appspecific/com.chrome.devtools.json HTTP/1.1" 404 5334
"GET /api/status/ HTTP/1.1" 200 49
"GET /login/ HTTP/1.1" 200 5702
"GET /api/status/ HTTP/1.1" 200 49
"POST /login/ HTTP/1.1" 302 0
Internal Server Error: /dashboard/
Traceback (most recent call last):
  File "C:\Users\cakkari\Desktop\outilISIS\ISIS-VENV\Lib\site-packages\django\core\handlers\exception.py", line 55, in inner
    response = get_response(request)
  File "C:\Users\cakkari\Desktop\outilISIS\ISIS-VENV\Lib\site-packages\django\core\handlers\base.py", line 197, in _get_response
    response = wrapped_callback(request, *callback_args, **callback_kwargs)
  File "C:\Users\cakkari\Desktop\outilISIS\frontend\statistiques\views.py", line 163, in wrapper
    return view_func(request, *args, **kwargs)
  File "C:\Users\cakkari\Desktop\outilISIS\frontend\statistiques\views.py", line 184, in dashboard
    return render(request, 'statistiques/dashboard.html', {
        'statistics': statistics,
        'user_info': request.session.get('user_info', {})
    })
  File "C:\Users\cakkari\Desktop\outilISIS\ISIS-VENV\Lib\site-packages\django\shortcuts.py", line 25, in render
    content = loader.render_to_string(template_name, context, request, using=using)
  File "C:\Users\cakkari\Desktop\outilISIS\ISIS-VENV\Lib\site-packages\django\template\loader.py", line 61, in render_to_string
    template = get_template(template_name, using=using)
  File "C:\Users\cakkari\Desktop\outilISIS\ISIS-VENV\Lib\site-packages\django\template\loader.py", line 15, in get_template
    return engine.get_template(template_name)
           ~~~~~~~~~~~~~~~~~~~^^^^^^^^^^^^^^^
  File "C:\Users\cakkari\Desktop\outilISIS\ISIS-VENV\Lib\site-packages\django\template\backends\django.py", line 79, in get_template
    return Template(self.engine.get_template(template_name), self)
                    ~~~~~~~~~~~~~~~~~~~~~~~~^^^^^^^^^^^^^^^
  File "C:\Users\cakkari\Desktop\outilISIS\ISIS-VENV\Lib\site-packages\django\template\engine.py", line 177, in get_template
    template, origin = self.find_template(template_name)
                       ~~~~~~~~~~~~~~~~~~^^^^^^^^^^^^^^^
  File "C:\Users\cakkari\Desktop\outilISIS\ISIS-VENV\Lib\site-packages\django\template\engine.py", line 159, in find_template
    template = loader.get_template(name, skip=skip)
  File "C:\Users\cakkari\Desktop\outilISIS\ISIS-VENV\Lib\site-packages\django\template\loaders\cached.py", line 57, in get_template
    template = super().get_template(template_name, skip)
  File "C:\Users\cakkari\Desktop\outilISIS\ISIS-VENV\Lib\site-packages\django\template\loaders\base.py", line 28, in get_template
    return Template(
        contents,
    ...<2 lines>...
        self.engine,
    )
  File "C:\Users\cakkari\Desktop\outilISIS\ISIS-VENV\Lib\site-packages\django\template\base.py", line 154, in __init__
    self.nodelist = self.compile_nodelist()
                    ~~~~~~~~~~~~~~~~~~~~~^^
  File "C:\Users\cakkari\Desktop\outilISIS\ISIS-VENV\Lib\site-packages\django\template\base.py", line 196, in compile_nodelist
    nodelist = parser.parse()
  File "C:\Users\cakkari\Desktop\outilISIS\ISIS-VENV\Lib\site-packages\django\template\base.py", line 518, in parse
    raise self.error(token, e)
  File "C:\Users\cakkari\Desktop\outilISIS\ISIS-VENV\Lib\site-packages\django\template\base.py", line 516, in parse
    compiled_result = compile_func(self, token)
  File "C:\Users\cakkari\Desktop\outilISIS\ISIS-VENV\Lib\site-packages\django\template\loader_tags.py", line 299, in do_extends
    nodelist = parser.parse()
  File "C:\Users\cakkari\Desktop\outilISIS\ISIS-VENV\Lib\site-packages\django\template\base.py", line 518, in parse
    raise self.error(token, e)
  File "C:\Users\cakkari\Desktop\outilISIS\ISIS-VENV\Lib\site-packages\django\template\base.py", line 516, in parse
    compiled_result = compile_func(self, token)
  File "C:\Users\cakkari\Desktop\outilISIS\ISIS-VENV\Lib\site-packages\django\template\loader_tags.py", line 234, in do_block
    nodelist = parser.parse(("endblock",))
  File "C:\Users\cakkari\Desktop\outilISIS\ISIS-VENV\Lib\site-packages\django\template\base.py", line 518, in parse
    raise self.error(token, e)
  File "C:\Users\cakkari\Desktop\outilISIS\ISIS-VENV\Lib\site-packages\django\template\base.py", line 516, in parse
    compiled_result = compile_func(self, token)
  File "C:\Users\cakkari\Desktop\outilISIS\ISIS-VENV\Lib\site-packages\django\template\defaulttags.py", line 962, in do_if
    nodelist = parser.parse(("elif", "else", "endif"))
  File "C:\Users\cakkari\Desktop\outilISIS\ISIS-VENV\Lib\site-packages\django\template\base.py", line 489, in parse
    raise self.error(token, e)
  File "C:\Users\cakkari\Desktop\outilISIS\ISIS-VENV\Lib\site-packages\django\template\base.py", line 487, in parse
    filter_expression = self.compile_filter(token.contents)
  File "C:\Users\cakkari\Desktop\outilISIS\ISIS-VENV\Lib\site-packages\django\template\base.py", line 609, in compile_filter
    return FilterExpression(token, self)
  File "C:\Users\cakkari\Desktop\outilISIS\ISIS-VENV\Lib\site-packages\django\template\base.py", line 705, in __init__
    filter_func = parser.find_filter(filter_name)
  File "C:\Users\cakkari\Desktop\outilISIS\ISIS-VENV\Lib\site-packages\django\template\base.py", line 615, in find_filter
    raise TemplateSyntaxError("Invalid filter: '%s'" % filter_name)
django.template.exceptions.TemplateSyntaxError: Invalid filter: 'multiply'
"GET /dashboard/ HTTP/1.1" 500 249520
"GET /dashboard/ HTTP/1.1" 200 7466
"GET /register/ HTTP/1.1" 200 5535
"GET /login/ HTTP/1.1" 200 5702
"GET /register/ HTTP/1.1" 200 5535
"GET /login/ HTTP/1.1" 200 5702
"GET /api/status/ HTTP/1.1" 200 49
"GET /api/status/ HTTP/1.1" 200 49
"POST /login/ HTTP/1.1" 200 6047
"GET /api/status/ HTTP/1.1" 200 49
"POST /login/ HTTP/1.1" 302 0
"GET /dashboard/ HTTP/1.1" 200 6836
"GET /upload-csv/ HTTP/1.1" 200 4399
"GET /api/status/ HTTP/1.1" 200 49
"GET /login/ HTTP/1.1" 200 5702
"GET /api/status/ HTTP/1.1" 200 49
"GET / HTTP/1.1" 200 6290
"GET /login/ HTTP/1.1" 200 5702
"GET /api/status/ HTTP/1.1" 200 49
"POST /login/ HTTP/1.1" 302 0
"GET /dashboard/ HTTP/1.1" 200 7111
"GET / HTTP/1.1" 200 6290
"GET /dashboard/ HTTP/1.1" 200 6794
Internal Server Error: /admin-users/
Traceback (most recent call last):
  File "C:\Users\cakkari\Desktop\outilISIS\ISIS-VENV\Lib\site-packages\django\core\handlers\exception.py", line 55, in inner
    response = get_response(request)
  File "C:\Users\cakkari\Desktop\outilISIS\ISIS-VENV\Lib\site-packages\django\core\handlers\base.py", line 197, in _get_response
    response = wrapped_callback(request, *callback_args, **callback_kwargs)
  File "C:\Users\cakkari\Desktop\outilISIS\frontend\statistiques\views.py", line 163, in wrapper
    return view_func(request, *args, **kwargs)
  File "C:\Users\cakkari\Desktop\outilISIS\frontend\statistiques\views.py", line 368, in admin_users
    return render(request, 'statistiques/admin_users.html', {'users_data': users_data})
  File "C:\Users\cakkari\Desktop\outilISIS\ISIS-VENV\Lib\site-packages\django\shortcuts.py", line 25, in render
    content = loader.render_to_string(template_name, context, request, using=using)
  File "C:\Users\cakkari\Desktop\outilISIS\ISIS-VENV\Lib\site-packages\django\template\loader.py", line 61, in render_to_string
    template = get_template(template_name, using=using)
  File "C:\Users\cakkari\Desktop\outilISIS\ISIS-VENV\Lib\site-packages\django\template\loader.py", line 19, in get_template
    raise TemplateDoesNotExist(template_name, chain=chain)
django.template.exceptions.TemplateDoesNotExist: statistiques/admin_users.html
"GET /admin-users/ HTTP/1.1" 500 94043
Internal Server Error: /admin-users/
Traceback (most recent call last):
  File "C:\Users\cakkari\Desktop\outilISIS\ISIS-VENV\Lib\site-packages\django\core\handlers\exception.py", line 55, in inner
    response = get_response(request)
  File "C:\Users\cakkari\Desktop\outilISIS\ISIS-VENV\Lib\site-packages\django\core\handlers\base.py", line 197, in _get_response
    response = wrapped_callback(request, *callback_args, **callback_kwargs)
  File "C:\Users\cakkari\Desktop\outilISIS\frontend\statistiques\views.py", line 163, in wrapper
    return view_func(request, *args, **kwargs)
  File "C:\Users\cakkari\Desktop\outilISIS\frontend\statistiques\views.py", line 368, in admin_users
    return render(request, 'statistiques/admin_users.html', {'users_data': users_data})
  File "C:\Users\cakkari\Desktop\outilISIS\ISIS-VENV\Lib\site-packages\django\shortcuts.py", line 25, in render
    content = loader.render_to_string(template_name, context, request, using=using)
  File "C:\Users\cakkari\Desktop\outilISIS\ISIS-VENV\Lib\site-packages\django\template\loader.py", line 61, in render_to_string
    template = get_template(template_name, using=using)
  File "C:\Users\cakkari\Desktop\outilISIS\ISIS-VENV\Lib\site-packages\django\template\loader.py", line 19, in get_template
    raise TemplateDoesNotExist(template_name, chain=chain)
django.template.exceptions.TemplateDoesNotExist: statistiques/admin_users.html
"GET /admin-users/ HTTP/1.1" 500 94043
"GET /admin-users/ HTTP/1.1" 200 21907
"GET /register/ HTTP/1.1" 200 5535
"GET /dashboard/ HTTP/1.1" 200 6794
Not Found: /.well-known/appspecific/com.chrome.devtools.json
"GET /.well-known/appspecific/com.chrome.devtools.json HTTP/1.1" 404 5334
"GET / HTTP/1.1" 200 6290
"GET / HTTP/1.1" 200 6290
"GET /login/ HTTP/1.1" 200 8290
"GET /api/status/ HTTP/1.1" 200 49
"GET /login/ HTTP/1.1" 200 8290
"GET /api/status/ HTTP/1.1" 200 49
Watching for file changes with StatReloader
"GET / HTTP/1.1" 200 6290
"GET /login/ HTTP/1.1" 200 8290
"GET /api/status/ HTTP/1.1" 200 49
"GET /login/ HTTP/1.1" 200 17917
"GET /api/status/ HTTP/1.1" 200 49
"GET /login/ HTTP/1.1" 200 17318
"GET /api/status/ HTTP/1.1" 200 49
"GET /login/ HTTP/1.1" 200 17902
"GET /api/status/ HTTP/1.1" 200 49
"GET /login/ HTTP/1.1" 200 35729
"GET /api/status/ HTTP/1.1" 200 49
"GET /login/ HTTP/1.1" 200 35729
"GET /login/ HTTP/1.1" 200 35729
- Broken pipe from ('127.0.0.1', 57045)
"GET /api/status/ HTTP/1.1" 200 49
"GET /logout/ HTTP/1.1" 302 0
"GET / HTTP/1.1" 200 23341
"GET / HTTP/1.1" 200 24047
"GET /static/images/isis-logo.png HTTP/1.1" 404 1874
"GET / HTTP/1.1" 200 24047
"GET /static/images/isis-logo.png HTTP/1.1" 404 1874
"GET / HTTP/1.1" 200 24042
"GET / HTTP/1.1" 200 24041
"GET / HTTP/1.1" 200 24041
"GET / HTTP/1.1" 200 24041
"GET / HTTP/1.1" 200 24041
"GET / HTTP/1.1" 200 24041
"GET / HTTP/1.1" 200 24041
"GET / HTTP/1.1" 200 24041
"GET / HTTP/1.1" 200 24041
"GET / HTTP/1.1" 200 24041
"GET / HTTP/1.1" 200 24041
"GET / HTTP/1.1" 200 24041
"GET / HTTP/1.1" 200 23212
"GET /static/images/isis-logo.png HTTP/1.1" 404 1874
"GET / HTTP/1.1" 200 23212
"GET /static/images/isis-logo.png HTTP/1.1" 404 1874
"GET / HTTP/1.1" 200 23207
"GET / HTTP/1.1" 200 23207
"GET /login/ HTTP/1.1" 200 34649
"GET /api/status/ HTTP/1.1" 200 49
"GET /login/ HTTP/1.1" 200 34650
"GET /login/ HTTP/1.1" 200 34650
- Broken pipe from ('127.0.0.1', 57223)
"GET /api/status/ HTTP/1.1" 200 49
"GET /login/ HTTP/1.1" 200 34649
"GET /login/ HTTP/1.1" 200 34649
- Broken pipe from ('127.0.0.1', 57224)
"GET /api/status/ HTTP/1.1" 200 49
"GET /register/ HTTP/1.1" 200 22281
"GET /login/ HTTP/1.1" 200 34649
"GET /api/status/ HTTP/1.1" 200 49
"GET /login/ HTTP/1.1" 200 34649
"GET /api/status/ HTTP/1.1" 200 49
"GET /login/ HTTP/1.1" 200 34286
"GET /api/status/ HTTP/1.1" 200 49
"GET /login/ HTTP/1.1" 200 34649
"GET /api/status/ HTTP/1.1" 200 49
"GET / HTTP/1.1" 200 23206
"GET /login/ HTTP/1.1" 200 34649
"GET /api/status/ HTTP/1.1" 200 49
"GET /login/ HTTP/1.1" 200 34652
"GET /api/status/ HTTP/1.1" 200 49
"GET /login/ HTTP/1.1" 200 34652
"GET /api/status/ HTTP/1.1" 200 49
"GET /login/ HTTP/1.1" 200 34652
"GET /api/status/ HTTP/1.1" 200 49
"GET /login/ HTTP/1.1" 200 36526
"GET /api/status/ HTTP/1.1" 200 49
"GET /login/ HTTP/1.1" 200 34652
"GET /api/status/ HTTP/1.1" 200 49
"GET /register/ HTTP/1.1" 200 22281
"GET /login/ HTTP/1.1" 200 34652
"GET /api/status/ HTTP/1.1" 200 49
"POST /login/ HTTP/1.1" 302 0
"GET /dashboard/ HTTP/1.1" 200 25333
Not Found: /.well-known/appspecific/com.chrome.devtools.json
"GET /.well-known/appspecific/com.chrome.devtools.json HTTP/1.1" 404 5334
"GET /logout/ HTTP/1.1" 302 0
"GET / HTTP/1.1" 200 23809
"GET /register/ HTTP/1.1" 200 22281
"GET /register/ HTTP/1.1" 200 36799
"GET /register/ HTTP/1.1" 200 36799
"GET /register/ HTTP/1.1" 200 36799
"GET /login/ HTTP/1.1" 200 34652
"GET /api/status/ HTTP/1.1" 200 49
"GET /register/ HTTP/1.1" 200 36799
"GET /register/ HTTP/1.1" 200 36799
"GET /register/ HTTP/1.1" 200 36800
"GET /register/ HTTP/1.1" 200 36784
"GET /register/ HTTP/1.1" 200 36783
"GET /register/ HTTP/1.1" 200 36799
"GET /register/ HTTP/1.1" 200 41424
"GET /register/ HTTP/1.1" 200 42041
"GET /login/ HTTP/1.1" 200 34652
"GET /api/status/ HTTP/1.1" 200 49
"GET /register/ HTTP/1.1" 200 42041
"GET /login/ HTTP/1.1" 200 34652
"GET /api/status/ HTTP/1.1" 200 49
"GET / HTTP/1.1" 200 23206
"GET /login/ HTTP/1.1" 200 34652
"GET /api/status/ HTTP/1.1" 200 49
"GET /register/ HTTP/1.1" 200 42041
"GET /login/ HTTP/1.1" 200 34652
"GET /api/status/ HTTP/1.1" 200 49
"GET /login/ HTTP/1.1" 200 34652
"GET /api/status/ HTTP/1.1" 200 49
"GET /login/ HTTP/1.1" 200 39554
"GET / HTTP/1.1" 200 23206
"GET / HTTP/1.1" 200 36112
"GET /login/ HTTP/1.1" 200 39554
"GET /register/ HTTP/1.1" 200 42041
"GET / HTTP/1.1" 200 36109
Internal Server Error: /
Traceback (most recent call last):
  File "C:\Users\cakkari\Desktop\outilISIS\ISIS-VENV\Lib\site-packages\django\template\base.py", line 510, in parse
    compile_func = self.tags[command]
                   ~~~~~~~~~^^^^^^^^^
KeyError: 'endblock'

During handling of the above exception, another exception occurred:

Traceback (most recent call last):
  File "C:\Users\cakkari\Desktop\outilISIS\ISIS-VENV\Lib\site-packages\django\core\handlers\exception.py", line 55, in inner
    response = get_response(request)
  File "C:\Users\cakkari\Desktop\outilISIS\ISIS-VENV\Lib\site-packages\django\core\handlers\base.py", line 197, in _get_response
    response = wrapped_callback(request, *callback_args, **callback_kwargs)
  File "C:\Users\cakkari\Desktop\outilISIS\frontend\statistiques\views.py", line 20, in home
    return render(request, 'statistiques/home.html')
  File "C:\Users\cakkari\Desktop\outilISIS\ISIS-VENV\Lib\site-packages\django\shortcuts.py", line 25, in render
    content = loader.render_to_string(template_name, context, request, using=using)
  File "C:\Users\cakkari\Desktop\outilISIS\ISIS-VENV\Lib\site-packages\django\template\loader.py", line 61, in render_to_string
    template = get_template(template_name, using=using)
  File "C:\Users\cakkari\Desktop\outilISIS\ISIS-VENV\Lib\site-packages\django\template\loader.py", line 15, in get_template
    return engine.get_template(template_name)
           ~~~~~~~~~~~~~~~~~~~^^^^^^^^^^^^^^^
  File "C:\Users\cakkari\Desktop\outilISIS\ISIS-VENV\Lib\site-packages\django\template\backends\django.py", line 79, in get_template
    return Template(self.engine.get_template(template_name), self)
                    ~~~~~~~~~~~~~~~~~~~~~~~~^^^^^^^^^^^^^^^
  File "C:\Users\cakkari\Desktop\outilISIS\ISIS-VENV\Lib\site-packages\django\template\engine.py", line 177, in get_template
    template, origin = self.find_template(template_name)
                       ~~~~~~~~~~~~~~~~~~^^^^^^^^^^^^^^^
  File "C:\Users\cakkari\Desktop\outilISIS\ISIS-VENV\Lib\site-packages\django\template\engine.py", line 159, in find_template
    template = loader.get_template(name, skip=skip)
  File "C:\Users\cakkari\Desktop\outilISIS\ISIS-VENV\Lib\site-packages\django\template\loaders\cached.py", line 57, in get_template
    template = super().get_template(template_name, skip)
  File "C:\Users\cakkari\Desktop\outilISIS\ISIS-VENV\Lib\site-packages\django\template\loaders\base.py", line 28, in get_template
    return Template(
        contents,
    ...<2 lines>...
        self.engine,
    )
  File "C:\Users\cakkari\Desktop\outilISIS\ISIS-VENV\Lib\site-packages\django\template\base.py", line 154, in __init__
    self.nodelist = self.compile_nodelist()
                    ~~~~~~~~~~~~~~~~~~~~~^^
  File "C:\Users\cakkari\Desktop\outilISIS\ISIS-VENV\Lib\site-packages\django\template\base.py", line 196, in compile_nodelist
    nodelist = parser.parse()
  File "C:\Users\cakkari\Desktop\outilISIS\ISIS-VENV\Lib\site-packages\django\template\base.py", line 518, in parse
    raise self.error(token, e)
  File "C:\Users\cakkari\Desktop\outilISIS\ISIS-VENV\Lib\site-packages\django\template\base.py", line 516, in parse
    compiled_result = compile_func(self, token)
  File "C:\Users\cakkari\Desktop\outilISIS\ISIS-VENV\Lib\site-packages\django\template\loader_tags.py", line 299, in do_extends
    nodelist = parser.parse()
  File "C:\Users\cakkari\Desktop\outilISIS\ISIS-VENV\Lib\site-packages\django\template\base.py", line 518, in parse
    raise self.error(token, e)
  File "C:\Users\cakkari\Desktop\outilISIS\ISIS-VENV\Lib\site-packages\django\template\base.py", line 516, in parse
    compiled_result = compile_func(self, token)
  File "C:\Users\cakkari\Desktop\outilISIS\ISIS-VENV\Lib\site-packages\django\template\loader_tags.py", line 234, in do_block
    nodelist = parser.parse(("endblock",))
  File "C:\Users\cakkari\Desktop\outilISIS\ISIS-VENV\Lib\site-packages\django\template\base.py", line 518, in parse
    raise self.error(token, e)
  File "C:\Users\cakkari\Desktop\outilISIS\ISIS-VENV\Lib\site-packages\django\template\base.py", line 516, in parse
    compiled_result = compile_func(self, token)
  File "C:\Users\cakkari\Desktop\outilISIS\ISIS-VENV\Lib\site-packages\django\template\defaulttags.py", line 962, in do_if
    nodelist = parser.parse(("elif", "else", "endif"))
  File "C:\Users\cakkari\Desktop\outilISIS\ISIS-VENV\Lib\site-packages\django\template\base.py", line 512, in parse
    self.invalid_block_tag(token, command, parse_until)
    ~~~~~~~~~~~~~~~~~~~~~~^^^^^^^^^^^^^^^^^^^^^^^^^^^^^
  File "C:\Users\cakkari\Desktop\outilISIS\ISIS-VENV\Lib\site-packages\django\template\base.py", line 567, in invalid_block_tag
    raise self.error(
    ...<8 lines>...
    )
django.template.exceptions.TemplateSyntaxError: Invalid block tag on line 593: 'endblock', expected 'elif', 'else' or 'endif'. Did you forget to register or load this tag?
"GET / HTTP/1.1" 500 197344
"GET / HTTP/1.1" 200 35902
"GET /dashboard/ HTTP/1.1" 302 0
"GET /login/ HTTP/1.1" 200 40181
"GET / HTTP/1.1" 200 35921
"GET / HTTP/1.1" 200 35740
"GET / HTTP/1.1" 200 35229
"GET / HTTP/1.1" 200 35311
"GET / HTTP/1.1" 200 35242
"GET / HTTP/1.1" 200 35233
"GET / HTTP/1.1" 200 35233
"GET / HTTP/1.1" 200 35234
"GET / HTTP/1.1" 200 35239
"GET / HTTP/1.1" 200 35239
"GET / HTTP/1.1" 200 34591
"GET / HTTP/1.1" 200 34591
"GET / HTTP/1.1" 200 34591
"GET / HTTP/1.1" 200 34591
"GET / HTTP/1.1" 200 34593
"GET / HTTP/1.1" 200 34591
Internal Server Error: /
Traceback (most recent call last):
  File "C:\Users\cakkari\Desktop\outilISIS\ISIS-VENV\Lib\site-packages\django\template\backends\django.py", line 107, in render
    return self.template.render(context)
           ~~~~~~~~~~~~~~~~~~~~^^^^^^^^^
  File "C:\Users\cakkari\Desktop\outilISIS\ISIS-VENV\Lib\site-packages\django\template\base.py", line 171, in render
    return self._render(context)
           ~~~~~~~~~~~~^^^^^^^^^
  File "C:\Users\cakkari\Desktop\outilISIS\ISIS-VENV\Lib\site-packages\django\template\base.py", line 163, in _render
    return self.nodelist.render(context)
           ~~~~~~~~~~~~~~~~~~~~^^^^^^^^^
  File "C:\Users\cakkari\Desktop\outilISIS\ISIS-VENV\Lib\site-packages\django\template\base.py", line 1016, in render
    return SafeString("".join([node.render_annotated(context) for node in self]))
                               ~~~~~~~~~~~~~~~~~~~~~^^^^^^^^^
  File "C:\Users\cakkari\Desktop\outilISIS\ISIS-VENV\Lib\site-packages\django\template\base.py", line 977, in render_annotated
    return self.render(context)
           ~~~~~~~~~~~^^^^^^^^^
  File "C:\Users\cakkari\Desktop\outilISIS\ISIS-VENV\Lib\site-packages\django\template\loader_tags.py", line 159, in render
    return compiled_parent._render(context)
           ~~~~~~~~~~~~~~~~~~~~~~~^^^^^^^^^
  File "C:\Users\cakkari\Desktop\outilISIS\ISIS-VENV\Lib\site-packages\django\template\base.py", line 163, in _render
    return self.nodelist.render(context)
           ~~~~~~~~~~~~~~~~~~~~^^^^^^^^^
  File "C:\Users\cakkari\Desktop\outilISIS\ISIS-VENV\Lib\site-packages\django\template\base.py", line 1016, in render
    return SafeString("".join([node.render_annotated(context) for node in self]))
                               ~~~~~~~~~~~~~~~~~~~~~^^^^^^^^^
  File "C:\Users\cakkari\Desktop\outilISIS\ISIS-VENV\Lib\site-packages\django\template\base.py", line 977, in render_annotated
    return self.render(context)
           ~~~~~~~~~~~^^^^^^^^^
  File "C:\Users\cakkari\Desktop\outilISIS\ISIS-VENV\Lib\site-packages\django\template\loader_tags.py", line 134, in render
    compiled_parent = self.get_parent(context)
  File "C:\Users\cakkari\Desktop\outilISIS\ISIS-VENV\Lib\site-packages\django\template\loader_tags.py", line 131, in get_parent
    return self.find_template(parent, context)
           ~~~~~~~~~~~~~~~~~~^^^^^^^^^^^^^^^^^
  File "C:\Users\cakkari\Desktop\outilISIS\ISIS-VENV\Lib\site-packages\django\template\loader_tags.py", line 109, in find_template
    template, origin = context.template.engine.find_template(
                       ~~~~~~~~~~~~~~~~~~~~~~~~~~~~~~~~~~~~~^
        template_name,
        ^^^^^^^^^^^^^^
        skip=history,
        ^^^^^^^^^^^^^
    )
    ^
  File "C:\Users\cakkari\Desktop\outilISIS\ISIS-VENV\Lib\site-packages\django\template\engine.py", line 163, in find_template
    raise TemplateDoesNotExist(name, tried=tried)
django.template.exceptions.TemplateDoesNotExist: statistiques/base.html

The above exception was the direct cause of the following exception:

Traceback (most recent call last):
  File "C:\Users\cakkari\Desktop\outilISIS\ISIS-VENV\Lib\site-packages\django\core\handlers\exception.py", line 55, in inner
    response = get_response(request)
  File "C:\Users\cakkari\Desktop\outilISIS\ISIS-VENV\Lib\site-packages\django\core\handlers\base.py", line 197, in _get_response
    response = wrapped_callback(request, *callback_args, **callback_kwargs)
  File "C:\Users\cakkari\Desktop\outilISIS\frontend\statistiques\views.py", line 20, in home
    return render(request, 'statistiques/home.html')
  File "C:\Users\cakkari\Desktop\outilISIS\ISIS-VENV\Lib\site-packages\django\shortcuts.py", line 25, in render
    content = loader.render_to_string(template_name, context, request, using=using)
  File "C:\Users\cakkari\Desktop\outilISIS\ISIS-VENV\Lib\site-packages\django\template\loader.py", line 62, in render_to_string
    return template.render(context, request)
           ~~~~~~~~~~~~~~~^^^^^^^^^^^^^^^^^^
  File "C:\Users\cakkari\Desktop\outilISIS\ISIS-VENV\Lib\site-packages\django\template\backends\django.py", line 109, in render
    reraise(exc, self.backend)
    ~~~~~~~^^^^^^^^^^^^^^^^^^^
  File "C:\Users\cakkari\Desktop\outilISIS\ISIS-VENV\Lib\site-packages\django\template\backends\django.py", line 130, in reraise
    raise new from exc
django.template.exceptions.TemplateDoesNotExist: statistiques/base.html
"GET / HTTP/1.1" 500 148365
"GET / HTTP/1.1" 200 36412
"GET /login/ HTTP/1.1" 200 41363
"POST /login/ HTTP/1.1" 302 0
"GET /dashboard/ HTTP/1.1" 200 27654
Not Found: /.well-known/appspecific/com.chrome.devtools.json
"GET /.well-known/appspecific/com.chrome.devtools.json HTTP/1.1" 404 5334
"GET /dashboard/ HTTP/1.1" 200 27152
